<?xml version="1.0" encoding="UTF-8"?>
<trace>
<symex>
run id: 0

##
# 1th concolic execution
##
<run start="0">
<step pc="102f0" step="0"><jump target="1027c" link="ra   (x1)" link-address="102f0" beh="none" ></jump>
</step>
<step pc="10280" step="1"><instruction opcode="ADDI" rd="sp   (x2) C" rs1="sp   (x2) C" imm="4294967280 C" beh="none" ></instruction>
</step>
<step pc="10284" step="2"><store opcode="SW" rs1="sp   (x2) C" imm="12 C" rs2="ra   (x1) C" target="0x558bf411eb90" beh="none" ></store>
</step>
<step pc="10288" step="3"><store opcode="SW" rs1="sp   (x2) C" imm="8 C" rs2="s0/fp(x8) C" target="0x558bf411f390" beh="none" ></store>
</step>
<step pc="1028c" step="4"><instruction opcode="ADDI" rd="s0/fp(x8) C" rs1="sp   (x2) C" imm="16 C" beh="none" ></instruction>
</step>
<step pc="10290" step="5"><instruction opcode="ADDI" rd="a1  (x11) C" rs1="zero (x0) C" imm="4 C" beh="none" ></instruction>
</step>
<step pc="10294" step="6"><instruction opcode="LUI" rd="a5  (x15) C" imm="73728 C" beh="none" ></instruction></step>
<step pc="10298" step="7"><instruction opcode="ADDI" rd="a0  (x10) C" rs1="a5  (x15) C" imm="0 C" beh="none" ></instruction>
</step>
<step pc="1029c" step="8"><instruction opcode="AUIPC" rd="ra   (x1) C" imm="0 C" beh="none"  ></instruction></step>
<step pc="102a0" step="9"><jump target="10074" link="ra   (x1)" link-address=" 102a0" beh="none" ></jump>
</step>
<step pc="10078" step="10"><instruction opcode="ADDI" rd="sp   (x2) C" rs1="sp   (x2) C" imm="4294967264 C" beh="none" ></instruction>
</step>
<step pc="1007c" step="11"><store opcode="SW" rs1="sp   (x2) C" imm="28 C" rs2="s0/fp(x8) C" target="0x558bf3f387a0" beh="none" ></store>
</step>
<step pc="10080" step="12"><instruction opcode="ADDI" rd="s0/fp(x8) C" rs1="sp   (x2) C" imm="32 C" beh="none" ></instruction>
</step>
<step pc="10084" step="13"><store opcode="SW" rs1="s0/fp(x8) C" imm="4294967276 C" rs2="a0  (x10) C" target="0x558bf411f390" beh="none" ></store>
</step>
<step pc="10088" step="14"><store opcode="SW" rs1="s0/fp(x8) C" imm="4294967272 C" rs2="a1  (x11) C" target="0x558bf4120970" beh="none" ></store>
</step>
<step pc="1008c" step="15"><load opcode="LW" rs1="s0/fp(x8) C" imm="4294967276 C" rd="a5  (x15) C" target="0x558bf4120cb0" beh="none" ></load>
</step>
<step pc="10090" step="16"><load opcode="LW" rs1="s0/fp(x8) C" imm="4294967272 C" rd="a4  (x14) C" target="0x558bf411f6d0" beh="none" ></load>
</step>
<step pc="10094" step="17"><instruction opcode="ADDI" rd="a7  (x17) C" rs1="zero (x0) C" imm="96 C" beh="none" ></instruction>
</step>
<step pc="10098" step="18"><instruction opcode="ADDI" rd="a0  (x10) C" rs1="a5  (x15) C" imm="0 C" beh="none" ></instruction>
</step>
<step pc="1009c" step="19"><instruction opcode="ADDI" rd="a1  (x11) C" rs1="a4  (x14) C" imm="0 C" beh="none" ></instruction>
</step>
<step pc="100a0" step="20"><ECALL></ECALL>
</step>
<step pc="100a4" step="21"><instruction opcode="ADDI" rd="zero (x0) C" rs1="zero (x0) C" imm="0 C" beh="none" ></instruction>
</step>
<step pc="100a8" step="22"><load opcode="LW" rs1="sp   (x2) C" imm="28 C" rd="s0/fp(x8) C" target="0x558bf4120260" beh="none" ></load>
</step>
<step pc="100ac" step="23"><instruction opcode="ADDI" rd="sp   (x2) C" rs1="sp   (x2) C" imm="32 C" beh="none" ></instruction>
</step>
<step pc="100b0" step="24"><jump target="102a0" link="zero (x0)" link-address=" 100b0" beh="none" ></jump>
</step>
<step pc="102a4" step="25"><instruction opcode="ADDI" rd="a1  (x11) C" rs1="zero (x0) C" imm="4 C" beh="none" ></instruction>
</step>
<step pc="102a8" step="26"><instruction opcode="LUI" rd="a5  (x15) C" imm="73728 C" beh="none" ></instruction></step>
<step pc="102ac" step="27"><instruction opcode="ADDI" rd="a0  (x10) C" rs1="a5  (x15) C" imm="4 C" beh="none" ></instruction>
</step>
<step pc="102b0" step="28"><instruction opcode="AUIPC" rd="ra   (x1) C" imm="0 C" beh="none"  ></instruction></step>
<step pc="102b4" step="29"><jump target="10074" link="ra   (x1)" link-address=" 102b4" beh="none" ></jump>
</step>
<step pc="10078" step="30"><instruction opcode="ADDI" rd="sp   (x2) C" rs1="sp   (x2) C" imm="4294967264 C" beh="none" ></instruction>
</step>
<step pc="1007c" step="31"><store opcode="SW" rs1="sp   (x2) C" imm="28 C" rs2="s0/fp(x8) C" target="0x558bf411f390" beh="none" ></store>
</step>
<step pc="10080" step="32"><instruction opcode="ADDI" rd="s0/fp(x8) C" rs1="sp   (x2) C" imm="32 C" beh="none" ></instruction>
</step>
<step pc="10084" step="33"><store opcode="SW" rs1="s0/fp(x8) C" imm="4294967276 C" rs2="a0  (x10) C" target="0x558bf4120630" beh="none" ></store>
</step>
<step pc="10088" step="34"><store opcode="SW" rs1="s0/fp(x8) C" imm="4294967272 C" rs2="a1  (x11) C" target="0x558bf4120870" beh="none" ></store>
</step>
<step pc="1008c" step="35"><load opcode="LW" rs1="s0/fp(x8) C" imm="4294967276 C" rd="a5  (x15) C" target="0x558bf4120bb0" beh="none" ></load>
</step>
<step pc="10090" step="36"><load opcode="LW" rs1="s0/fp(x8) C" imm="4294967272 C" rd="a4  (x14) C" target="0x558bf411ff40" beh="none" ></load>
</step>
<step pc="10094" step="37"><instruction opcode="ADDI" rd="a7  (x17) C" rs1="zero (x0) C" imm="96 C" beh="none" ></instruction>
</step>
<step pc="10098" step="38"><instruction opcode="ADDI" rd="a0  (x10) C" rs1="a5  (x15) C" imm="0 C" beh="none" ></instruction>
</step>
<step pc="1009c" step="39"><instruction opcode="ADDI" rd="a1  (x11) C" rs1="a4  (x14) C" imm="0 C" beh="none" ></instruction>
</step>
<step pc="100a0" step="40"><ECALL></ECALL>
</step>
<step pc="100a4" step="41"><instruction opcode="ADDI" rd="zero (x0) C" rs1="zero (x0) C" imm="0 C" beh="none" ></instruction>
</step>
<step pc="100a8" step="42"><load opcode="LW" rs1="sp   (x2) C" imm="28 C" rd="s0/fp(x8) C" target="0x558bf4121400" beh="none" ></load>
</step>
<step pc="100ac" step="43"><instruction opcode="ADDI" rd="sp   (x2) C" rs1="sp   (x2) C" imm="32 C" beh="none" ></instruction>
</step>
<step pc="100b0" step="44"><jump target="102b4" link="zero (x0)" link-address=" 100b0" beh="none" ></jump>
</step>
<step pc="102b8" step="45"><instruction opcode="LUI" rd="a5  (x15) C" imm="73728 C" beh="none" ></instruction></step>
<step pc="102bc" step="46"><load opcode="LW" rs1="a5  (x15) C" imm="0 C" rd="a4  (x14) S" target="0x558bf4121400" beh="create" ></load>
</step>
<step pc="102c0" step="47"><instruction opcode="LUI" rd="a5  (x15) C" imm="73728 C" beh="none" ></instruction></step>
<step pc="102c4" step="48"><load opcode="LW" rs1="a5  (x15) C" imm="4 C" rd="a5  (x15) S" target="0x558bf411ff40" beh="create" ></load>
</step>
<step pc="102c8" step="49"><instruction opcode="ADDI" rd="a1  (x11) S" rs1="a5  (x15) S" imm="0 C" beh="create" ></instruction>
</step>
<step pc="102cc" step="50"><instruction opcode="ADDI" rd="a0  (x10) S" rs1="a4  (x14) S" imm="0 C" beh="create" ></instruction>
</step>
<step pc="102d0" step="51"><instruction opcode="AUIPC" rd="ra   (x1) C" imm="0 C" beh="none"  ></instruction></step>
<step pc="102d4" step="52"><jump target="101a4" link="ra   (x1)" link-address=" 102d4" beh="none" ></jump>
</step>
<step pc="101a8" step="53"><instruction opcode="ADDI" rd="sp   (x2) C" rs1="sp   (x2) C" imm="4294967248 C" beh="none" ></instruction>
</step>
<step pc="101ac" step="54"><store opcode="SW" rs1="sp   (x2) C" imm="44 C" rs2="ra   (x1) C" target="0x558bf3f38520" beh="none" ></store>
</step>
<step pc="101b0" step="55"><store opcode="SW" rs1="sp   (x2) C" imm="40 C" rs2="s0/fp(x8) C" target="0x558bf4120460" beh="none" ></store>
</step>
<step pc="101b4" step="56"><instruction opcode="ADDI" rd="s0/fp(x8) C" rs1="sp   (x2) C" imm="48 C" beh="none" ></instruction>
</step>
<step pc="101b8" step="57"><store opcode="SW" rs1="s0/fp(x8) C" imm="4294967260 C" rs2="a0  (x10) C" target="0x558bf4120260" beh="create" ></store>
</step>
<step pc="101bc" step="58"><store opcode="SW" rs1="s0/fp(x8) C" imm="4294967256 C" rs2="a1  (x11) C" target="0x558bf4123e40" beh="create" ></store>
</step>
<step pc="101c0" step="59"><store opcode="SW" rs1="s0/fp(x8) C" imm="4294967276 C" rs2="zero (x0) C" target="0x558bf41242c0" beh="none" ></store>
</step>
<step pc="101c4" step="60"><load opcode="LW" rs1="s0/fp(x8) C" imm="4294967260 C" rd="a5  (x15) S" target="0x558bf41207a0" beh="overwrite" ></load>
</step>
<step pc="101c8" step="61"><branch opcode="BGE" rs1="zero (x0) C" rs2="a5  (x15) S" cond="0" target="101c8" beh="special" ></branch>
</step>
<step pc="101cc" step="62"><instruction opcode="ADDI" rd="a5  (x15) C" rs1="zero (x0) C" imm="4294967286 C" beh="destroy" ></instruction>
</step>
<step pc="101d0" step="63"><store opcode="SW" rs1="s0/fp(x8) C" imm="4294967276 C" rs2="a5  (x15) C" target="0x558bf41207a0" beh="none" ></store>
</step>
<step pc="101d4" step="64"><load opcode="LW" rs1="s0/fp(x8) C" imm="4294967260 C" rd="a4  (x14) S" target="0x558bf41206d0" beh="overwrite" ></load>
</step>
<step pc="101d8" step="65"><load opcode="LW" rs1="s0/fp(x8) C" imm="4294967256 C" rd="a5  (x15) S" target="0x558bf41242c0" beh="create" ></load>
</step>
<step pc="101dc" step="66"><instruction opcode="ADD" rd="a5  (x15) S" rs1="a4  (x14) S" rs2="a5  (x15) S" beh="update" ></instruction>
</step>
<step pc="101e0" step="67"><load opcode="LW" rs1="s0/fp(x8) C" imm="4294967276 C" rd="a4  (x14) C" target="0x558bf41206d0" beh="destroy" ></load>
</step>
<step pc="101e4" step="68"><instruction opcode="ADD" rd="a5  (x15) S" rs1="a4  (x14) C" rs2="a5  (x15) S" beh="update" ></instruction>
</step>
<step pc="101e8" step="69"><store opcode="SW" rs1="s0/fp(x8) C" imm="4294967260 C" rs2="a5  (x15) C" target="0x558bf41242c0" beh="create" ></store>
</step>
<step pc="101ec" step="70"><load opcode="LW" rs1="s0/fp(x8) C" imm="4294967260 C" rd="a4  (x14) S" target="0x558bf4123d70" beh="create" ></load>
</step>
<step pc="101f0" step="71"><instruction opcode="ADDI" rd="a5  (x15) C" rs1="zero (x0) C" imm="10 C" beh="destroy" ></instruction>
</step>
<step pc="101f4" step="72"><branch opcode="BEQ" rs1="a4  (x14) S" rs2="a5  (x15) C" cond="0" target="101f4" beh="special" ></branch>
</step>
<step pc="101f8" step="73"><instruction opcode="ADDI" rd="a5  (x15) C" rs1="zero (x0) C" imm="10 C" beh="none" ></instruction>
</step>
<step pc="101fc" step="74"><store opcode="SW" rs1="s0/fp(x8) C" imm="4294967260 C" rs2="a5  (x15) C" target="0x558bf41242c0" beh="none" ></store>
</step>
<step pc="10200" step="75"><instruction opcode="ADDI" rd="a5  (x15) C" rs1="zero (x0) C" imm="10 C" beh="none" ></instruction>
</step>
<step pc="10204" step="76"><store opcode="SW" rs1="s0/fp(x8) C" imm="4294967256 C" rs2="a5  (x15) C" target="0x558bf4120260" beh="none" ></store>
</step>
<step pc="10208" step="77"><instruction opcode="ADDI" rd="a5  (x15) C" rs1="zero (x0) C" imm="10 C" beh="none" ></instruction>
</step>
<step pc="1020c" step="78"><store opcode="SW" rs1="s0/fp(x8) C" imm="4294967276 C" rs2="a5  (x15) C" target="0x558bf41242c0" beh="none" ></store>
</step>
<step pc="10210" step="79"><jump target="10240" link="zero (x0)" link-address="10210" beh="none" ></jump>
</step>
<step pc="10244" step="80"><load opcode="LW" rs1="s0/fp(x8) C" imm="4294967256 C" rd="a4  (x14) C" target="0x558bf411ec10" beh="destroy" ></load>
</step>
<step pc="10248" step="81"><instruction opcode="LUI" rd="a5  (x15) C" imm="4096 C" beh="none" ></instruction></step>
<step pc="1024c" step="82"><branch opcode="BGE" rs1="a4  (x14) C" rs2="a5  (x15) C" cond="0" target="1024c" beh="none" ></branch>
</step>
<step pc="10250" step="83"><instruction opcode="LUI" rd="a5  (x15) C" imm="77824 C" beh="none" ></instruction></step>
<step pc="10254" step="84"><instruction opcode="ADDI" rd="a4  (x14) C" rs1="a5  (x15) C" imm="0 C" beh="none" ></instruction>
</step>
<step pc="10258" step="85"><load opcode="LW" rs1="s0/fp(x8) C" imm="4294967256 C" rd="a5  (x15) C" target="0x558bf411ec10" beh="none" ></load>
</step>
<step pc="1025c" step="86"><instruction opcode="ADD" rd="a5  (x15) C" rs1="a4  (x14) C" rs2="a5  (x15) C" beh="none" ></instruction>
</step>
<step pc="10260" step="87"><load opcode="LBU" rs1="a5  (x15) C" imm="0 C" rd="a5  (x15) C" target="0x558bf3f38340" beh="none" ></load>
</step>
<step pc="10264" step="88"><jump target="10268" link="zero (x0)" link-address="10264" beh="none" ></jump>
</step>
<step pc="1026c" step="89"><instruction opcode="ADDI" rd="a0  (x10) C" rs1="a5  (x15) C" imm="0 C" beh="destroy" ></instruction>
</step>
<step pc="10270" step="90"><load opcode="LW" rs1="sp   (x2) C" imm="44 C" rd="ra   (x1) C" target="0x558bf3f38340" beh="none" ></load>
</step>
<step pc="10274" step="91"><load opcode="LW" rs1="sp   (x2) C" imm="40 C" rd="s0/fp(x8) C" target="0x558bf41242c0" beh="none" ></load>
</step>
<step pc="10278" step="92"><instruction opcode="ADDI" rd="sp   (x2) C" rs1="sp   (x2) C" imm="48 C" beh="none" ></instruction>
</step>
<step pc="1027c" step="93"><jump target="102d4" link="zero (x0)" link-address=" 1027c" beh="none" ></jump>
</step>
<step pc="102d8" step="94"><instruction opcode="ADDI" rd="a5  (x15) C" rs1="zero (x0) C" imm="0 C" beh="none" ></instruction>
</step>
<step pc="102dc" step="95"><instruction opcode="ADDI" rd="a0  (x10) C" rs1="a5  (x15) C" imm="0 C" beh="none" ></instruction>
</step>
<step pc="102e0" step="96"><load opcode="LW" rs1="sp   (x2) C" imm="12 C" rd="ra   (x1) C" target="0x558bf4121950" beh="none" ></load>
</step>
<step pc="102e4" step="97"><load opcode="LW" rs1="sp   (x2) C" imm="8 C" rd="s0/fp(x8) C" target="0x558bf4120630" beh="none" ></load>
</step>
<step pc="102e8" step="98"><instruction opcode="ADDI" rd="sp   (x2) C" rs1="sp   (x2) C" imm="16 C" beh="none" ></instruction>
</step>
<step pc="102ec" step="99"><jump target="102f0" link="zero (x0)" link-address=" 102ec" beh="none" ></jump>
</step>
<step pc="102f4" step="100"><instruction opcode="ADDI" rd="a7  (x17) C" rs1="zero (x0) C" imm="93 C" beh="none" ></instruction>
</step>
<step pc="102f8" step="101"><instruction opcode="ADDI" rd="a0  (x10) C" rs1="zero (x0) C" imm="0 C" beh="none" ></instruction>
</step>
<step pc="102fc" step="102"><ECALL></ECALL>
</step>
</run>


Info: /OSCI/SystemC: Simulation stopped by user.
<registers>
=[ core : 0 ]===========================
simulation time: 3600 ns
zero (x0) = (none, 0)
ra   (x1) = (none, 102f0)
sp   (x2) = (none, 1ffffffc)
gp   (x3) = (none, 0)
tp   (x4) = (none, 0)
t0   (x5) = (none, 0)
t1   (x6) = (none, 0)
t2   (x7) = (none, 0)
s0/fp(x8) = (none, 0)
s1   (x9) = (none, 0)
a0  (x10) = (none, 0)
a1  (x11) = (2139062143, 2701cab5)
a2  (x12) = (none, 0)
a3  (x13) = (none, 0)
a4  (x14) = (none, 13000)
a5  (x15) = (none, 0)
a6  (x16) = (none, 0)
a7  (x17) = (none, 5d)
s2  (x18) = (none, 0)
s3  (x19) = (none, 0)
s4  (x20) = (none, 0)
s5  (x21) = (none, 0)
s6  (x22) = (none, 0)
s7  (x23) = (none, 0)
s8  (x24) = (none, 0)
s9  (x25) = (none, 0)
s10 (x26) = (none, 0)
s11 (x27) = (none, 0)
t3  (x28) = (none, 0)
t4  (x29) = (none, 0)
t5  (x30) = (none, 0)
t6  (x31) = (none, 0)
pc = 102fc
num-instr = 103
</registers>
<timeline branch_pc= "101c8" parent_run= "0" ></timeline>
</symex>
<symex>
run id: 1

##
# 2th concolic execution
##
<run start="0">
<step pc="102f0" step="0"><jump target="1027c" link="ra   (x1)" link-address="102f0" beh="none" ></jump>
</step>
<step pc="10280" step="1"><instruction opcode="ADDI" rd="sp   (x2) C" rs1="sp   (x2) C" imm="4294967280 C" beh="none" ></instruction>
</step>
<step pc="10284" step="2"><store opcode="SW" rs1="sp   (x2) C" imm="12 C" rs2="ra   (x1) C" target="0x558bf3f37c40" beh="none" ></store>
</step>
<step pc="10288" step="3"><store opcode="SW" rs1="sp   (x2) C" imm="8 C" rs2="s0/fp(x8) C" target="0x558bf41b90e0" beh="none" ></store>
</step>
<step pc="1028c" step="4"><instruction opcode="ADDI" rd="s0/fp(x8) C" rs1="sp   (x2) C" imm="16 C" beh="none" ></instruction>
</step>
<step pc="10290" step="5"><instruction opcode="ADDI" rd="a1  (x11) C" rs1="zero (x0) C" imm="4 C" beh="none" ></instruction>
</step>
<step pc="10294" step="6"><instruction opcode="LUI" rd="a5  (x15) C" imm="73728 C" beh="none" ></instruction></step>
<step pc="10298" step="7"><instruction opcode="ADDI" rd="a0  (x10) C" rs1="a5  (x15) C" imm="0 C" beh="none" ></instruction>
</step>
<step pc="1029c" step="8"><instruction opcode="AUIPC" rd="ra   (x1) C" imm="0 C" beh="none"  ></instruction></step>
<step pc="102a0" step="9"><jump target="10074" link="ra   (x1)" link-address=" 102a0" beh="none" ></jump>
</step>
<step pc="10078" step="10"><instruction opcode="ADDI" rd="sp   (x2) C" rs1="sp   (x2) C" imm="4294967264 C" beh="none" ></instruction>
</step>
<step pc="1007c" step="11"><store opcode="SW" rs1="sp   (x2) C" imm="28 C" rs2="s0/fp(x8) C" target="0x558bf4120cb0" beh="none" ></store>
</step>
<step pc="10080" step="12"><instruction opcode="ADDI" rd="s0/fp(x8) C" rs1="sp   (x2) C" imm="32 C" beh="none" ></instruction>
</step>
<step pc="10084" step="13"><store opcode="SW" rs1="s0/fp(x8) C" imm="4294967276 C" rs2="a0  (x10) C" target="0x558bf41b90e0" beh="none" ></store>
</step>
<step pc="10088" step="14"><store opcode="SW" rs1="s0/fp(x8) C" imm="4294967272 C" rs2="a1  (x11) C" target="0x558bf41ba2b0" beh="none" ></store>
</step>
<step pc="1008c" step="15"><load opcode="LW" rs1="s0/fp(x8) C" imm="4294967276 C" rd="a5  (x15) C" target="0x558bf41ba5f0" beh="none" ></load>
</step>
<step pc="10090" step="16"><load opcode="LW" rs1="s0/fp(x8) C" imm="4294967272 C" rd="a4  (x14) C" target="0x558bf41b9420" beh="none" ></load>
</step>
<step pc="10094" step="17"><instruction opcode="ADDI" rd="a7  (x17) C" rs1="zero (x0) C" imm="96 C" beh="none" ></instruction>
</step>
<step pc="10098" step="18"><instruction opcode="ADDI" rd="a0  (x10) C" rs1="a5  (x15) C" imm="0 C" beh="none" ></instruction>
</step>
<step pc="1009c" step="19"><instruction opcode="ADDI" rd="a1  (x11) C" rs1="a4  (x14) C" imm="0 C" beh="none" ></instruction>
</step>
<step pc="100a0" step="20"><ECALL></ECALL>
</step>
<step pc="100a4" step="21"><instruction opcode="ADDI" rd="zero (x0) C" rs1="zero (x0) C" imm="0 C" beh="none" ></instruction>
</step>
<step pc="100a8" step="22"><load opcode="LW" rs1="sp   (x2) C" imm="28 C" rd="s0/fp(x8) C" target="0x558bf41b9470" beh="none" ></load>
</step>
<step pc="100ac" step="23"><instruction opcode="ADDI" rd="sp   (x2) C" rs1="sp   (x2) C" imm="32 C" beh="none" ></instruction>
</step>
<step pc="100b0" step="24"><jump target="102a0" link="zero (x0)" link-address=" 100b0" beh="none" ></jump>
</step>
<step pc="102a4" step="25"><instruction opcode="ADDI" rd="a1  (x11) C" rs1="zero (x0) C" imm="4 C" beh="none" ></instruction>
</step>
<step pc="102a8" step="26"><instruction opcode="LUI" rd="a5  (x15) C" imm="73728 C" beh="none" ></instruction></step>
<step pc="102ac" step="27"><instruction opcode="ADDI" rd="a0  (x10) C" rs1="a5  (x15) C" imm="4 C" beh="none" ></instruction>
</step>
<step pc="102b0" step="28"><instruction opcode="AUIPC" rd="ra   (x1) C" imm="0 C" beh="none"  ></instruction></step>
<step pc="102b4" step="29"><jump target="10074" link="ra   (x1)" link-address=" 102b4" beh="none" ></jump>
</step>
<step pc="10078" step="30"><instruction opcode="ADDI" rd="sp   (x2) C" rs1="sp   (x2) C" imm="4294967264 C" beh="none" ></instruction>
</step>
<step pc="1007c" step="31"><store opcode="SW" rs1="sp   (x2) C" imm="28 C" rs2="s0/fp(x8) C" target="0x558bf41b90e0" beh="none" ></store>
</step>
<step pc="10080" step="32"><instruction opcode="ADDI" rd="s0/fp(x8) C" rs1="sp   (x2) C" imm="32 C" beh="none" ></instruction>
</step>
<step pc="10084" step="33"><store opcode="SW" rs1="s0/fp(x8) C" imm="4294967276 C" rs2="a0  (x10) C" target="0x558bf41b9f40" beh="none" ></store>
</step>
<step pc="10088" step="34"><store opcode="SW" rs1="s0/fp(x8) C" imm="4294967272 C" rs2="a1  (x11) C" target="0x558bf41ba1b0" beh="none" ></store>
</step>
<step pc="1008c" step="35"><load opcode="LW" rs1="s0/fp(x8) C" imm="4294967276 C" rd="a5  (x15) C" target="0x558bf41ba4f0" beh="none" ></load>
</step>
<step pc="10090" step="36"><load opcode="LW" rs1="s0/fp(x8) C" imm="4294967272 C" rd="a4  (x14) C" target="0x558bf3f679e0" beh="none" ></load>
</step>
<step pc="10094" step="37"><instruction opcode="ADDI" rd="a7  (x17) C" rs1="zero (x0) C" imm="96 C" beh="none" ></instruction>
</step>
<step pc="10098" step="38"><instruction opcode="ADDI" rd="a0  (x10) C" rs1="a5  (x15) C" imm="0 C" beh="none" ></instruction>
</step>
<step pc="1009c" step="39"><instruction opcode="ADDI" rd="a1  (x11) C" rs1="a4  (x14) C" imm="0 C" beh="none" ></instruction>
</step>
<step pc="100a0" step="40"><ECALL></ECALL>
</step>
<step pc="100a4" step="41"><instruction opcode="ADDI" rd="zero (x0) C" rs1="zero (x0) C" imm="0 C" beh="none" ></instruction>
</step>
<step pc="100a8" step="42"><load opcode="LW" rs1="sp   (x2) C" imm="28 C" rd="s0/fp(x8) C" target="0x558bf41ba6d0" beh="none" ></load>
</step>
<step pc="100ac" step="43"><instruction opcode="ADDI" rd="sp   (x2) C" rs1="sp   (x2) C" imm="32 C" beh="none" ></instruction>
</step>
<step pc="100b0" step="44"><jump target="102b4" link="zero (x0)" link-address=" 100b0" beh="none" ></jump>
</step>
<step pc="102b8" step="45"><instruction opcode="LUI" rd="a5  (x15) C" imm="73728 C" beh="none" ></instruction></step>
<step pc="102bc" step="46"><load opcode="LW" rs1="a5  (x15) C" imm="0 C" rd="a4  (x14) S" target="0x558bf41ba6d0" beh="create" ></load>
</step>
<step pc="102c0" step="47"><instruction opcode="LUI" rd="a5  (x15) C" imm="73728 C" beh="none" ></instruction></step>
<step pc="102c4" step="48"><load opcode="LW" rs1="a5  (x15) C" imm="4 C" rd="a5  (x15) S" target="0x558bf3f679e0" beh="create" ></load>
</step>
<step pc="102c8" step="49"><instruction opcode="ADDI" rd="a1  (x11) S" rs1="a5  (x15) S" imm="0 C" beh="create" ></instruction>
</step>
<step pc="102cc" step="50"><instruction opcode="ADDI" rd="a0  (x10) S" rs1="a4  (x14) S" imm="0 C" beh="create" ></instruction>
</step>
<step pc="102d0" step="51"><instruction opcode="AUIPC" rd="ra   (x1) C" imm="0 C" beh="none"  ></instruction></step>
<step pc="102d4" step="52"><jump target="101a4" link="ra   (x1)" link-address=" 102d4" beh="none" ></jump>
</step>
<step pc="101a8" step="53"><instruction opcode="ADDI" rd="sp   (x2) C" rs1="sp   (x2) C" imm="4294967248 C" beh="none" ></instruction>
</step>
<step pc="101ac" step="54"><store opcode="SW" rs1="sp   (x2) C" imm="44 C" rs2="ra   (x1) C" target="0x558bf4118a80" beh="none" ></store>
</step>
<step pc="101b0" step="55"><store opcode="SW" rs1="sp   (x2) C" imm="40 C" rs2="s0/fp(x8) C" target="0x558bf41b9d70" beh="none" ></store>
</step>
<step pc="101b4" step="56"><instruction opcode="ADDI" rd="s0/fp(x8) C" rs1="sp   (x2) C" imm="48 C" beh="none" ></instruction>
</step>
<step pc="101b8" step="57"><store opcode="SW" rs1="s0/fp(x8) C" imm="4294967260 C" rs2="a0  (x10) C" target="0x558bf41b9470" beh="create" ></store>
</step>
<step pc="101bc" step="58"><store opcode="SW" rs1="s0/fp(x8) C" imm="4294967256 C" rs2="a1  (x11) C" target="0x558bf41bb080" beh="create" ></store>
</step>
<step pc="101c0" step="59"><store opcode="SW" rs1="s0/fp(x8) C" imm="4294967276 C" rs2="zero (x0) C" target="0x558bf41bb500" beh="none" ></store>
</step>
<step pc="101c4" step="60"><load opcode="LW" rs1="s0/fp(x8) C" imm="4294967260 C" rd="a5  (x15) S" target="0x558bf41ba0e0" beh="overwrite" ></load>
</step>
<step pc="101c8" step="61"><branch opcode="BGE" rs1="zero (x0) C" rs2="a5  (x15) S" cond="1" target="101d0" beh="special" ></branch>
</step>
<step pc="101d4" step="62"><load opcode="LW" rs1="s0/fp(x8) C" imm="4294967260 C" rd="a4  (x14) S" target="0x558bf41b9470" beh="overwrite" ></load>
</step>
<step pc="101d8" step="63"><load opcode="LW" rs1="s0/fp(x8) C" imm="4294967256 C" rd="a5  (x15) S" target="0x558bf41ba0e0" beh="overwrite" ></load>
</step>
<step pc="101dc" step="64"><instruction opcode="ADD" rd="a5  (x15) S" rs1="a4  (x14) S" rs2="a5  (x15) S" beh="update" ></instruction>
</step>
<step pc="101e0" step="65"><load opcode="LW" rs1="s0/fp(x8) C" imm="4294967276 C" rd="a4  (x14) C" target="0x558bf41b9470" beh="destroy" ></load>
</step>
<step pc="101e4" step="66"><instruction opcode="ADD" rd="a5  (x15) S" rs1="a4  (x14) C" rs2="a5  (x15) S" beh="update" ></instruction>
</step>
<step pc="101e8" step="67"><store opcode="SW" rs1="s0/fp(x8) C" imm="4294967260 C" rs2="a5  (x15) C" target="0x558bf41ba0e0" beh="create" ></store>
</step>
<step pc="101ec" step="68"><load opcode="LW" rs1="s0/fp(x8) C" imm="4294967260 C" rd="a4  (x14) S" target="0x558bf41baf80" beh="create" ></load>
</step>
<step pc="101f0" step="69"><instruction opcode="ADDI" rd="a5  (x15) C" rs1="zero (x0) C" imm="10 C" beh="destroy" ></instruction>
</step>
<step pc="101f4" step="70"><branch opcode="BEQ" rs1="a4  (x14) S" rs2="a5  (x15) C" cond="0" target="101f4" beh="special" ></branch>
</step>
<step pc="101f8" step="71"><instruction opcode="ADDI" rd="a5  (x15) C" rs1="zero (x0) C" imm="10 C" beh="none" ></instruction>
</step>
<step pc="101fc" step="72"><store opcode="SW" rs1="s0/fp(x8) C" imm="4294967260 C" rs2="a5  (x15) C" target="0x558bf41ba0e0" beh="none" ></store>
</step>
<step pc="10200" step="73"><instruction opcode="ADDI" rd="a5  (x15) C" rs1="zero (x0) C" imm="10 C" beh="none" ></instruction>
</step>
<step pc="10204" step="74"><store opcode="SW" rs1="s0/fp(x8) C" imm="4294967256 C" rs2="a5  (x15) C" target="0x558bf41bb080" beh="none" ></store>
</step>
<step pc="10208" step="75"><instruction opcode="ADDI" rd="a5  (x15) C" rs1="zero (x0) C" imm="10 C" beh="none" ></instruction>
</step>
<step pc="1020c" step="76"><store opcode="SW" rs1="s0/fp(x8) C" imm="4294967276 C" rs2="a5  (x15) C" target="0x558bf41ba0e0" beh="none" ></store>
</step>
<step pc="10210" step="77"><jump target="10240" link="zero (x0)" link-address="10210" beh="none" ></jump>
</step>
<step pc="10244" step="78"><load opcode="LW" rs1="s0/fp(x8) C" imm="4294967256 C" rd="a4  (x14) C" target="0x558bf41ba010" beh="destroy" ></load>
</step>
<step pc="10248" step="79"><instruction opcode="LUI" rd="a5  (x15) C" imm="4096 C" beh="none" ></instruction></step>
<step pc="1024c" step="80"><branch opcode="BGE" rs1="a4  (x14) C" rs2="a5  (x15) C" cond="0" target="1024c" beh="none" ></branch>
</step>
<step pc="10250" step="81"><instruction opcode="LUI" rd="a5  (x15) C" imm="77824 C" beh="none" ></instruction></step>
<step pc="10254" step="82"><instruction opcode="ADDI" rd="a4  (x14) C" rs1="a5  (x15) C" imm="0 C" beh="none" ></instruction>
</step>
<step pc="10258" step="83"><load opcode="LW" rs1="s0/fp(x8) C" imm="4294967256 C" rd="a5  (x15) C" target="0x558bf41ba010" beh="none" ></load>
</step>
<step pc="1025c" step="84"><instruction opcode="ADD" rd="a5  (x15) C" rs1="a4  (x14) C" rs2="a5  (x15) C" beh="none" ></instruction>
</step>
<step pc="10260" step="85"><load opcode="LBU" rs1="a5  (x15) C" imm="0 C" rd="a5  (x15) C" target="0x558bf3f3a7c0" beh="none" ></load>
</step>
<step pc="10264" step="86"><jump target="10268" link="zero (x0)" link-address="10264" beh="none" ></jump>
</step>
<step pc="1026c" step="87"><instruction opcode="ADDI" rd="a0  (x10) C" rs1="a5  (x15) C" imm="0 C" beh="destroy" ></instruction>
</step>
<step pc="10270" step="88"><load opcode="LW" rs1="sp   (x2) C" imm="44 C" rd="ra   (x1) C" target="0x558bf3f3a7c0" beh="none" ></load>
</step>
<step pc="10274" step="89"><load opcode="LW" rs1="sp   (x2) C" imm="40 C" rd="s0/fp(x8) C" target="0x558bf41ba0e0" beh="none" ></load>
</step>
<step pc="10278" step="90"><instruction opcode="ADDI" rd="sp   (x2) C" rs1="sp   (x2) C" imm="48 C" beh="none" ></instruction>
</step>
<step pc="1027c" step="91"><jump target="102d4" link="zero (x0)" link-address=" 1027c" beh="none" ></jump>
</step>
<step pc="102d8" step="92"><instruction opcode="ADDI" rd="a5  (x15) C" rs1="zero (x0) C" imm="0 C" beh="none" ></instruction>
</step>
<step pc="102dc" step="93"><instruction opcode="ADDI" rd="a0  (x10) C" rs1="a5  (x15) C" imm="0 C" beh="none" ></instruction>
</step>
<step pc="102e0" step="94"><load opcode="LW" rs1="sp   (x2) C" imm="12 C" rd="ra   (x1) C" target="0x558bf41bac00" beh="none" ></load>
</step>
<step pc="102e4" step="95"><load opcode="LW" rs1="sp   (x2) C" imm="8 C" rd="s0/fp(x8) C" target="0x558bf41b9f40" beh="none" ></load>
</step>
<step pc="102e8" step="96"><instruction opcode="ADDI" rd="sp   (x2) C" rs1="sp   (x2) C" imm="16 C" beh="none" ></instruction>
</step>
<step pc="102ec" step="97"><jump target="102f0" link="zero (x0)" link-address=" 102ec" beh="none" ></jump>
</step>
<step pc="102f4" step="98"><instruction opcode="ADDI" rd="a7  (x17) C" rs1="zero (x0) C" imm="93 C" beh="none" ></instruction>
</step>
<step pc="102f8" step="99"><instruction opcode="ADDI" rd="a0  (x10) C" rs1="zero (x0) C" imm="0 C" beh="none" ></instruction>
</step>
<step pc="102fc" step="100"><ECALL></ECALL>
</step>
</run>


Info: /OSCI/SystemC: Simulation stopped by user.
<registers>
=[ core : 0 ]===========================
simulation time: 3520 ns
zero (x0) = (none, 0)
ra   (x1) = (none, 102f0)
sp   (x2) = (none, 1ffffffc)
gp   (x3) = (none, 0)
tp   (x4) = (none, 0)
t0   (x5) = (none, 0)
t1   (x6) = (none, 0)
t2   (x7) = (none, 0)
s0/fp(x8) = (none, 0)
s1   (x9) = (none, 0)
a0  (x10) = (none, 0)
a1  (x11) = (2147483920, 70b2a1d4)
a2  (x12) = (none, 0)
a3  (x13) = (none, 0)
a4  (x14) = (none, 13000)
a5  (x15) = (none, 0)
a6  (x16) = (none, 0)
a7  (x17) = (none, 5d)
s2  (x18) = (none, 0)
s3  (x19) = (none, 0)
s4  (x20) = (none, 0)
s5  (x21) = (none, 0)
s6  (x22) = (none, 0)
s7  (x23) = (none, 0)
s8  (x24) = (none, 0)
s9  (x25) = (none, 0)
s10 (x26) = (none, 0)
s11 (x27) = (none, 0)
t3  (x28) = (none, 0)
t4  (x29) = (none, 0)
t5  (x30) = (none, 0)
t6  (x31) = (none, 0)
pc = 102fc
num-instr = 101
</registers>
<timeline branch_pc= "101d0" parent_run= "1" ></timeline>
</symex>
<symex>
run id: 2

##
# 3th concolic execution
##
<run start="0">
<step pc="102f0" step="0"><jump target="1027c" link="ra   (x1)" link-address="102f0" beh="none" ></jump>
</step>
<step pc="10280" step="1"><instruction opcode="ADDI" rd="sp   (x2) C" rs1="sp   (x2) C" imm="4294967280 C" beh="none" ></instruction>
</step>
<step pc="10284" step="2"><store opcode="SW" rs1="sp   (x2) C" imm="12 C" rs2="ra   (x1) C" target="0x558bf41b8f20" beh="none" ></store>
</step>
<step pc="10288" step="3"><store opcode="SW" rs1="sp   (x2) C" imm="8 C" rs2="s0/fp(x8) C" target="0x558bf3fa7b00" beh="none" ></store>
</step>
<step pc="1028c" step="4"><instruction opcode="ADDI" rd="s0/fp(x8) C" rs1="sp   (x2) C" imm="16 C" beh="none" ></instruction>
</step>
<step pc="10290" step="5"><instruction opcode="ADDI" rd="a1  (x11) C" rs1="zero (x0) C" imm="4 C" beh="none" ></instruction>
</step>
<step pc="10294" step="6"><instruction opcode="LUI" rd="a5  (x15) C" imm="73728 C" beh="none" ></instruction></step>
<step pc="10298" step="7"><instruction opcode="ADDI" rd="a0  (x10) C" rs1="a5  (x15) C" imm="0 C" beh="none" ></instruction>
</step>
<step pc="1029c" step="8"><instruction opcode="AUIPC" rd="ra   (x1) C" imm="0 C" beh="none"  ></instruction></step>
<step pc="102a0" step="9"><jump target="10074" link="ra   (x1)" link-address=" 102a0" beh="none" ></jump>
</step>
<step pc="10078" step="10"><instruction opcode="ADDI" rd="sp   (x2) C" rs1="sp   (x2) C" imm="4294967264 C" beh="none" ></instruction>
</step>
<step pc="1007c" step="11"><store opcode="SW" rs1="sp   (x2) C" imm="28 C" rs2="s0/fp(x8) C" target="0x558bf41201e0" beh="none" ></store>
</step>
<step pc="10080" step="12"><instruction opcode="ADDI" rd="s0/fp(x8) C" rs1="sp   (x2) C" imm="32 C" beh="none" ></instruction>
</step>
<step pc="10084" step="13"><store opcode="SW" rs1="s0/fp(x8) C" imm="4294967276 C" rs2="a0  (x10) C" target="0x558bf3fa7b00" beh="none" ></store>
</step>
<step pc="10088" step="14"><store opcode="SW" rs1="s0/fp(x8) C" imm="4294967272 C" rs2="a1  (x11) C" target="0x558bf3fa8cd0" beh="none" ></store>
</step>
<step pc="1008c" step="15"><load opcode="LW" rs1="s0/fp(x8) C" imm="4294967276 C" rd="a5  (x15) C" target="0x558bf3fa9010" beh="none" ></load>
</step>
<step pc="10090" step="16"><load opcode="LW" rs1="s0/fp(x8) C" imm="4294967272 C" rd="a4  (x14) C" target="0x558bf3fa7e40" beh="none" ></load>
</step>
<step pc="10094" step="17"><instruction opcode="ADDI" rd="a7  (x17) C" rs1="zero (x0) C" imm="96 C" beh="none" ></instruction>
</step>
<step pc="10098" step="18"><instruction opcode="ADDI" rd="a0  (x10) C" rs1="a5  (x15) C" imm="0 C" beh="none" ></instruction>
</step>
<step pc="1009c" step="19"><instruction opcode="ADDI" rd="a1  (x11) C" rs1="a4  (x14) C" imm="0 C" beh="none" ></instruction>
</step>
<step pc="100a0" step="20"><ECALL></ECALL>
</step>
<step pc="100a4" step="21"><instruction opcode="ADDI" rd="zero (x0) C" rs1="zero (x0) C" imm="0 C" beh="none" ></instruction>
</step>
<step pc="100a8" step="22"><load opcode="LW" rs1="sp   (x2) C" imm="28 C" rd="s0/fp(x8) C" target="0x558bf3faa2c0" beh="none" ></load>
</step>
<step pc="100ac" step="23"><instruction opcode="ADDI" rd="sp   (x2) C" rs1="sp   (x2) C" imm="32 C" beh="none" ></instruction>
</step>
<step pc="100b0" step="24"><jump target="102a0" link="zero (x0)" link-address=" 100b0" beh="none" ></jump>
</step>
<step pc="102a4" step="25"><instruction opcode="ADDI" rd="a1  (x11) C" rs1="zero (x0) C" imm="4 C" beh="none" ></instruction>
</step>
<step pc="102a8" step="26"><instruction opcode="LUI" rd="a5  (x15) C" imm="73728 C" beh="none" ></instruction></step>
<step pc="102ac" step="27"><instruction opcode="ADDI" rd="a0  (x10) C" rs1="a5  (x15) C" imm="4 C" beh="none" ></instruction>
</step>
<step pc="102b0" step="28"><instruction opcode="AUIPC" rd="ra   (x1) C" imm="0 C" beh="none"  ></instruction></step>
<step pc="102b4" step="29"><jump target="10074" link="ra   (x1)" link-address=" 102b4" beh="none" ></jump>
</step>
<step pc="10078" step="30"><instruction opcode="ADDI" rd="sp   (x2) C" rs1="sp   (x2) C" imm="4294967264 C" beh="none" ></instruction>
</step>
<step pc="1007c" step="31"><store opcode="SW" rs1="sp   (x2) C" imm="28 C" rs2="s0/fp(x8) C" target="0x558bf3fa7b00" beh="none" ></store>
</step>
<step pc="10080" step="32"><instruction opcode="ADDI" rd="s0/fp(x8) C" rs1="sp   (x2) C" imm="32 C" beh="none" ></instruction>
</step>
<step pc="10084" step="33"><store opcode="SW" rs1="s0/fp(x8) C" imm="4294967276 C" rs2="a0  (x10) C" target="0x558bf3fa8990" beh="none" ></store>
</step>
<step pc="10088" step="34"><store opcode="SW" rs1="s0/fp(x8) C" imm="4294967272 C" rs2="a1  (x11) C" target="0x558bf3fa8bd0" beh="none" ></store>
</step>
<step pc="1008c" step="35"><load opcode="LW" rs1="s0/fp(x8) C" imm="4294967276 C" rd="a5  (x15) C" target="0x558bf3fa8f10" beh="none" ></load>
</step>
<step pc="10090" step="36"><load opcode="LW" rs1="s0/fp(x8) C" imm="4294967272 C" rd="a4  (x14) C" target="0x558bf41ba6d0" beh="none" ></load>
</step>
<step pc="10094" step="37"><instruction opcode="ADDI" rd="a7  (x17) C" rs1="zero (x0) C" imm="96 C" beh="none" ></instruction>
</step>
<step pc="10098" step="38"><instruction opcode="ADDI" rd="a0  (x10) C" rs1="a5  (x15) C" imm="0 C" beh="none" ></instruction>
</step>
<step pc="1009c" step="39"><instruction opcode="ADDI" rd="a1  (x11) C" rs1="a4  (x14) C" imm="0 C" beh="none" ></instruction>
</step>
<step pc="100a0" step="40"><ECALL></ECALL>
</step>
<step pc="100a4" step="41"><instruction opcode="ADDI" rd="zero (x0) C" rs1="zero (x0) C" imm="0 C" beh="none" ></instruction>
</step>
<step pc="100a8" step="42"><load opcode="LW" rs1="sp   (x2) C" imm="28 C" rd="s0/fp(x8) C" target="0x558bf40260e0" beh="none" ></load>
</step>
<step pc="100ac" step="43"><instruction opcode="ADDI" rd="sp   (x2) C" rs1="sp   (x2) C" imm="32 C" beh="none" ></instruction>
</step>
<step pc="100b0" step="44"><jump target="102b4" link="zero (x0)" link-address=" 100b0" beh="none" ></jump>
</step>
<step pc="102b8" step="45"><instruction opcode="LUI" rd="a5  (x15) C" imm="73728 C" beh="none" ></instruction></step>
<step pc="102bc" step="46"><load opcode="LW" rs1="a5  (x15) C" imm="0 C" rd="a4  (x14) S" target="0x558bf40260e0" beh="create" ></load>
</step>
<step pc="102c0" step="47"><instruction opcode="LUI" rd="a5  (x15) C" imm="73728 C" beh="none" ></instruction></step>
<step pc="102c4" step="48"><load opcode="LW" rs1="a5  (x15) C" imm="4 C" rd="a5  (x15) S" target="0x558bf41ba6d0" beh="create" ></load>
</step>
<step pc="102c8" step="49"><instruction opcode="ADDI" rd="a1  (x11) S" rs1="a5  (x15) S" imm="0 C" beh="create" ></instruction>
</step>
<step pc="102cc" step="50"><instruction opcode="ADDI" rd="a0  (x10) S" rs1="a4  (x14) S" imm="0 C" beh="create" ></instruction>
</step>
<step pc="102d0" step="51"><instruction opcode="AUIPC" rd="ra   (x1) C" imm="0 C" beh="none"  ></instruction></step>
<step pc="102d4" step="52"><jump target="101a4" link="ra   (x1)" link-address=" 102d4" beh="none" ></jump>
</step>
<step pc="101a8" step="53"><instruction opcode="ADDI" rd="sp   (x2) C" rs1="sp   (x2) C" imm="4294967248 C" beh="none" ></instruction>
</step>
<step pc="101ac" step="54"><store opcode="SW" rs1="sp   (x2) C" imm="44 C" rs2="ra   (x1) C" target="0x558bf4121030" beh="none" ></store>
</step>
<step pc="101b0" step="55"><store opcode="SW" rs1="sp   (x2) C" imm="40 C" rs2="s0/fp(x8) C" target="0x558bf3fa87c0" beh="none" ></store>
</step>
<step pc="101b4" step="56"><instruction opcode="ADDI" rd="s0/fp(x8) C" rs1="sp   (x2) C" imm="48 C" beh="none" ></instruction>
</step>
<step pc="101b8" step="57"><store opcode="SW" rs1="s0/fp(x8) C" imm="4294967260 C" rs2="a0  (x10) C" target="0x558bf3faa2c0" beh="create" ></store>
</step>
<step pc="101bc" step="58"><store opcode="SW" rs1="s0/fp(x8) C" imm="4294967256 C" rs2="a1  (x11) C" target="0x558bf3fa9130" beh="create" ></store>
</step>
<step pc="101c0" step="59"><store opcode="SW" rs1="s0/fp(x8) C" imm="4294967276 C" rs2="zero (x0) C" target="0x558bf3fa95b0" beh="none" ></store>
</step>
<step pc="101c4" step="60"><load opcode="LW" rs1="s0/fp(x8) C" imm="4294967260 C" rd="a5  (x15) S" target="0x558bf3fa8b00" beh="overwrite" ></load>
</step>
<step pc="101c8" step="61"><branch opcode="BGE" rs1="zero (x0) C" rs2="a5  (x15) S" cond="0" target="101c8" beh="special" ></branch>
</step>
<step pc="101cc" step="62"><instruction opcode="ADDI" rd="a5  (x15) C" rs1="zero (x0) C" imm="4294967286 C" beh="destroy" ></instruction>
</step>
<step pc="101d0" step="63"><store opcode="SW" rs1="s0/fp(x8) C" imm="4294967276 C" rs2="a5  (x15) C" target="0x558bf3fa8b00" beh="none" ></store>
</step>
<step pc="101d4" step="64"><load opcode="LW" rs1="s0/fp(x8) C" imm="4294967260 C" rd="a4  (x14) S" target="0x558bf3fa8a30" beh="overwrite" ></load>
</step>
<step pc="101d8" step="65"><load opcode="LW" rs1="s0/fp(x8) C" imm="4294967256 C" rd="a5  (x15) S" target="0x558bf3fa95b0" beh="create" ></load>
</step>
<step pc="101dc" step="66"><instruction opcode="ADD" rd="a5  (x15) S" rs1="a4  (x14) S" rs2="a5  (x15) S" beh="update" ></instruction>
</step>
<step pc="101e0" step="67"><load opcode="LW" rs1="s0/fp(x8) C" imm="4294967276 C" rd="a4  (x14) C" target="0x558bf3fa8a30" beh="destroy" ></load>
</step>
<step pc="101e4" step="68"><instruction opcode="ADD" rd="a5  (x15) S" rs1="a4  (x14) C" rs2="a5  (x15) S" beh="update" ></instruction>
</step>
<step pc="101e8" step="69"><store opcode="SW" rs1="s0/fp(x8) C" imm="4294967260 C" rs2="a5  (x15) C" target="0x558bf3fa95b0" beh="create" ></store>
</step>
<step pc="101ec" step="70"><load opcode="LW" rs1="s0/fp(x8) C" imm="4294967260 C" rd="a4  (x14) S" target="0x558bf3fa9060" beh="create" ></load>
</step>
<step pc="101f0" step="71"><instruction opcode="ADDI" rd="a5  (x15) C" rs1="zero (x0) C" imm="10 C" beh="destroy" ></instruction>
</step>
<step pc="101f4" step="72"><branch opcode="BEQ" rs1="a4  (x14) S" rs2="a5  (x15) C" cond="1" target="10210" beh="special" ></branch>
</step>
<step pc="10214" step="73"><load opcode="LW" rs1="s0/fp(x8) C" imm="4294967276 C" rd="a2  (x12) C" target="0x558bf3fa9060" beh="none" ></load>
</step>
<step pc="10218" step="74"><load opcode="LW" rs1="s0/fp(x8) C" imm="4294967256 C" rd="a1  (x11) S" target="0x558bf3fa95b0" beh="overwrite" ></load>
</step>
<step pc="1021c" step="75"><load opcode="LW" rs1="s0/fp(x8) C" imm="4294967260 C" rd="a0  (x10) S" target="0x558bf3fa9060" beh="overwrite" ></load>
</step>
<step pc="10220" step="76"><instruction opcode="AUIPC" rd="ra   (x1) C" imm="0 C" beh="none"  ></instruction></step>
<step pc="10224" step="77"><jump target="100b0" link="ra   (x1)" link-address=" 10224" beh="none" ></jump>
</step>
<step pc="100b4" step="78"><instruction opcode="ADDI" rd="sp   (x2) C" rs1="sp   (x2) C" imm="4294967264 C" beh="none" ></instruction>
</step>
<step pc="100b8" step="79"><store opcode="SW" rs1="sp   (x2) C" imm="28 C" rs2="s0/fp(x8) C" target="0x558bf40260e0" beh="none" ></store>
</step>
<step pc="100bc" step="80"><instruction opcode="ADDI" rd="s0/fp(x8) C" rs1="sp   (x2) C" imm="32 C" beh="none" ></instruction>
</step>
<step pc="100c0" step="81"><store opcode="SW" rs1="s0/fp(x8) C" imm="4294967276 C" rs2="a0  (x10) C" target="0x558bf3fa95b0" beh="create" ></store>
</step>
<step pc="100c4" step="82"><store opcode="SW" rs1="s0/fp(x8) C" imm="4294967272 C" rs2="a1  (x11) C" target="0x558bf4268b10" beh="create" ></store>
</step>
<step pc="100c8" step="83"><store opcode="SW" rs1="s0/fp(x8) C" imm="4294967268 C" rs2="a2  (x12) C" target="0x558bf4268d50" beh="none" ></store>
</step>
<step pc="100cc" step="84"><load opcode="LW" rs1="s0/fp(x8) C" imm="4294967276 C" rd="a5  (x15) S" target="0x558bf4268f10" beh="create" ></load>
</step>
<step pc="100d0" step="85"><instruction opcode="SLLI" rd="a4  (x14) S" rs1="a5  (x15) S" imm="1 C" beh="overwrite" ></instruction>
</step>
<step pc="100d4" step="86"><load opcode="LW" rs1="s0/fp(x8) C" imm="4294967272 C" rd="a5  (x15) S" target="0x558bf3fa95b0" beh="overwrite" ></load>
</step>
<step pc="100d8" step="87"><instruction opcode="SUB" rd="a5  (x15) S" rs1="a4  (x14) S" rs2="a5  (x15) S" beh="update" ></instruction>
</step>
<step pc="100dc" step="88"><load opcode="LW" rs1="s0/fp(x8) C" imm="4294967268 C" rd="a4  (x14) C" target="0x558bf4268d50" beh="destroy" ></load>
</step>
<step pc="100e0" step="89"><instruction opcode="ADD" rd="a5  (x15) S" rs1="a4  (x14) C" rs2="a5  (x15) S" beh="update" ></instruction>
</step>
<step pc="100e4" step="90"><store opcode="SW" rs1="s0/fp(x8) C" imm="4294967276 C" rs2="a5  (x15) C" target="0x558bf3fa95b0" beh="create" ></store>
</step>
<step pc="100e8" step="91"><instruction opcode="ADDI" rd="a5  (x15) C" rs1="zero (x0) C" imm="6 C" beh="destroy" ></instruction>
</step>
<step pc="100ec" step="92"><instruction opcode="ADDI" rd="a0  (x10) C" rs1="a5  (x15) C" imm="0 C" beh="destroy" ></instruction>
</step>
<step pc="100f0" step="93"><load opcode="LW" rs1="sp   (x2) C" imm="28 C" rd="s0/fp(x8) C" target="0x558bf3fa7e40" beh="none" ></load>
</step>
<step pc="100f4" step="94"><instruction opcode="ADDI" rd="sp   (x2) C" rs1="sp   (x2) C" imm="32 C" beh="none" ></instruction>
</step>
<step pc="100f8" step="95"><jump target="10224" link="zero (x0)" link-address=" 100f8" beh="none" ></jump>
</step>
<step pc="10228" step="96"><store opcode="SW" rs1="s0/fp(x8) C" imm="4294967260 C" rs2="a0  (x10) C" target="0x558bf3fa7e40" beh="none" ></store>
</step>
<step pc="1022c" step="97"><load opcode="LW" rs1="s0/fp(x8) C" imm="4294967276 C" rd="a2  (x12) C" target="0x558bf3fa8550" beh="none" ></load>
</step>
<step pc="10230" step="98"><load opcode="LW" rs1="s0/fp(x8) C" imm="4294967256 C" rd="a1  (x11) S" target="0x558bf42688d0" beh="overwrite" ></load>
</step>
<step pc="10234" step="99"><load opcode="LW" rs1="s0/fp(x8) C" imm="4294967260 C" rd="a0  (x10) C" target="0x558bf3fa8550" beh="none" ></load>
</step>
<step pc="10238" step="100"><instruction opcode="AUIPC" rd="ra   (x1) C" imm="0 C" beh="none"  ></instruction></step>
<step pc="1023c" step="101"><jump target="100f8" link="ra   (x1)" link-address=" 1023c" beh="none" ></jump>
</step>
<step pc="100fc" step="102"><instruction opcode="ADDI" rd="sp   (x2) C" rs1="sp   (x2) C" imm="4294967248 C" beh="none" ></instruction>
</step>
<step pc="10100" step="103"><store opcode="SW" rs1="sp   (x2) C" imm="44 C" rs2="s0/fp(x8) C" target="0x558bf3faa2c0" beh="none" ></store>
</step>
<step pc="10104" step="104"><instruction opcode="ADDI" rd="s0/fp(x8) C" rs1="sp   (x2) C" imm="48 C" beh="none" ></instruction>
</step>
<step pc="10108" step="105"><store opcode="SW" rs1="s0/fp(x8) C" imm="4294967260 C" rs2="a0  (x10) C" target="0x558bf42688d0" beh="none" ></store>
</step>
<step pc="1010c" step="106"><store opcode="SW" rs1="s0/fp(x8) C" imm="4294967256 C" rs2="a1  (x11) C" target="0x558bf4269490" beh="create" ></store>
</step>
<step pc="10110" step="107"><store opcode="SW" rs1="s0/fp(x8) C" imm="4294967252 C" rs2="a2  (x12) C" target="0x558bf4269850" beh="none" ></store>
</step>
<step pc="10114" step="108"><store opcode="SW" rs1="s0/fp(x8) C" imm="4294967276 C" rs2="zero (x0) C" target="0x558bf4269b90" beh="none" ></store>
</step>
<step pc="10118" step="109"><jump target="10188" link="zero (x0)" link-address="10118" beh="none" ></jump>
</step>
<step pc="1018c" step="110"><load opcode="LW" rs1="s0/fp(x8) C" imm="4294967276 C" rd="a4  (x14) C" target="0x558bf4268a10" beh="none" ></load>
</step>
<step pc="10190" step="111"><load opcode="LW" rs1="s0/fp(x8) C" imm="4294967260 C" rd="a5  (x15) C" target="0x558bf4269490" beh="none" ></load>
</step>
<step pc="10194" step="112"><branch opcode="BLT" rs1="a4  (x14) C" rs2="a5  (x15) C" cond="1" target="10118" beh="none" ></branch>
</step>
<step pc="1011c" step="113"><load opcode="LW" rs1="s0/fp(x8) C" imm="4294967256 C" rd="a5  (x15) S" target="0x558bf4268a10" beh="create" ></load>
</step>
<step pc="10120" step="114"><instruction opcode="SLLI" rd="a5  (x15) S" rs1="a5  (x15) S" imm="1 C" beh="update" ></instruction>
</step>
<step pc="10124" step="115"><store opcode="SW" rs1="s0/fp(x8) C" imm="4294967256 C" rs2="a5  (x15) C" target="0x558bf4269490" beh="create" ></store>
</step>
<step pc="10128" step="116"><load opcode="LW" rs1="s0/fp(x8) C" imm="4294967252 C" rd="a5  (x15) C" target="0x558bf4269750" beh="destroy" ></load>
</step>
<step pc="1012c" step="117"><instruction opcode="SLLI" rd="a4  (x14) C" rs1="a5  (x15) C" imm="1 C" beh="none" ></instruction>
</step>
<step pc="10130" step="118"><load opcode="LW" rs1="s0/fp(x8) C" imm="4294967256 C" rd="a5  (x15) S" target="0x558bf4269b90" beh="create" ></load>
</step>
<step pc="10134" step="119"><instruction opcode="SUB" rd="a5  (x15) S" rs1="a4  (x14) C" rs2="a5  (x15) S" beh="update" ></instruction>
</step>
<step pc="10138" step="120"><load opcode="LW" rs1="s0/fp(x8) C" imm="4294967260 C" rd="a4  (x14) C" target="0x558bf4269490" beh="none" ></load>
</step>
<step pc="1013c" step="121"><instruction opcode="ADD" rd="a5  (x15) S" rs1="a4  (x14) C" rs2="a5  (x15) S" beh="update" ></instruction>
</step>
<step pc="10140" step="122"><store opcode="SW" rs1="s0/fp(x8) C" imm="4294967252 C" rs2="a5  (x15) C" target="0x558bf4269b90" beh="create" ></store>
</step>
<step pc="10144" step="123"><load opcode="LW" rs1="s0/fp(x8) C" imm="4294967276 C" rd="a4  (x14) C" target="0x558bf4269a90" beh="none" ></load>
</step>
<step pc="10148" step="124"><instruction opcode="ADDI" rd="a5  (x15) C" rs1="zero (x0) C" imm="3 C" beh="destroy" ></instruction>
</step>
<step pc="1014c" step="125"><branch opcode="BNE" rs1="a4  (x14) C" rs2="a5  (x15) C" cond="1" target="10168" beh="none" ></branch>
</step>
<step pc="1016c" step="126"><load opcode="LW" rs1="s0/fp(x8) C" imm="4294967276 C" rd="a4  (x14) C" target="0x558bf4269a90" beh="none" ></load>
</step>
<step pc="10170" step="127"><instruction opcode="ADDI" rd="a5  (x15) C" rs1="zero (x0) C" imm="10 C" beh="none" ></instruction>
</step>
<step pc="10174" step="128"><branch opcode="BGE" rs1="a5  (x15) C" rs2="a4  (x14) C" cond="1" target="1017c" beh="none" ></branch>
</step>
<step pc="10180" step="129"><load opcode="LW" rs1="s0/fp(x8) C" imm="4294967276 C" rd="a5  (x15) C" target="0x558bf4269a90" beh="none" ></load>
</step>
<step pc="10184" step="130"><instruction opcode="ADDI" rd="a5  (x15) C" rs1="a5  (x15) C" imm="1 C" beh="none" ></instruction>
</step>
<step pc="10188" step="131"><store opcode="SW" rs1="s0/fp(x8) C" imm="4294967276 C" rs2="a5  (x15) C" target="0x558bf4269a90" beh="none" ></store>
</step>
<step pc="1018c" step="132"><load opcode="LW" rs1="s0/fp(x8) C" imm="4294967276 C" rd="a4  (x14) C" target="0x558bf4268980" beh="none" ></load>
</step>
<step pc="10190" step="133"><load opcode="LW" rs1="s0/fp(x8) C" imm="4294967260 C" rd="a5  (x15) C" target="0x558bf4269b90" beh="none" ></load>
</step>
<step pc="10194" step="134"><branch opcode="BLT" rs1="a4  (x14) C" rs2="a5  (x15) C" cond="1" target="10118" beh="none" ></branch>
</step>
<step pc="1011c" step="135"><load opcode="LW" rs1="s0/fp(x8) C" imm="4294967256 C" rd="a5  (x15) S" target="0x558bf4268980" beh="create" ></load>
</step>
<step pc="10120" step="136"><instruction opcode="SLLI" rd="a5  (x15) S" rs1="a5  (x15) S" imm="1 C" beh="update" ></instruction>
</step>
<step pc="10124" step="137"><store opcode="SW" rs1="s0/fp(x8) C" imm="4294967256 C" rs2="a5  (x15) C" target="0x558bf4269b90" beh="create" ></store>
</step>
<step pc="10128" step="138"><load opcode="LW" rs1="s0/fp(x8) C" imm="4294967252 C" rd="a5  (x15) S" target="0x558bf4269650" beh="overwrite" ></load>
</step>
<step pc="1012c" step="139"><instruction opcode="SLLI" rd="a4  (x14) S" rs1="a5  (x15) S" imm="1 C" beh="create" ></instruction>
</step>
<step pc="10130" step="140"><load opcode="LW" rs1="s0/fp(x8) C" imm="4294967256 C" rd="a5  (x15) S" target="0x558bf4269a90" beh="overwrite" ></load>
</step>
<step pc="10134" step="141"><instruction opcode="SUB" rd="a5  (x15) S" rs1="a4  (x14) S" rs2="a5  (x15) S" beh="update" ></instruction>
</step>
<step pc="10138" step="142"><load opcode="LW" rs1="s0/fp(x8) C" imm="4294967260 C" rd="a4  (x14) C" target="0x558bf4269b90" beh="destroy" ></load>
</step>
<step pc="1013c" step="143"><instruction opcode="ADD" rd="a5  (x15) S" rs1="a4  (x14) C" rs2="a5  (x15) S" beh="update" ></instruction>
</step>
<step pc="10140" step="144"><store opcode="SW" rs1="s0/fp(x8) C" imm="4294967252 C" rs2="a5  (x15) C" target="0x558bf4269a90" beh="create" ></store>
</step>
<step pc="10144" step="145"><load opcode="LW" rs1="s0/fp(x8) C" imm="4294967276 C" rd="a4  (x14) C" target="0x558bf42699c0" beh="none" ></load>
</step>
<step pc="10148" step="146"><instruction opcode="ADDI" rd="a5  (x15) C" rs1="zero (x0) C" imm="3 C" beh="destroy" ></instruction>
</step>
<step pc="1014c" step="147"><branch opcode="BNE" rs1="a4  (x14) C" rs2="a5  (x15) C" cond="1" target="10168" beh="none" ></branch>
</step>
<step pc="1016c" step="148"><load opcode="LW" rs1="s0/fp(x8) C" imm="4294967276 C" rd="a4  (x14) C" target="0x558bf42699c0" beh="none" ></load>
</step>
<step pc="10170" step="149"><instruction opcode="ADDI" rd="a5  (x15) C" rs1="zero (x0) C" imm="10 C" beh="none" ></instruction>
</step>
<step pc="10174" step="150"><branch opcode="BGE" rs1="a5  (x15) C" rs2="a4  (x14) C" cond="1" target="1017c" beh="none" ></branch>
</step>
<step pc="10180" step="151"><load opcode="LW" rs1="s0/fp(x8) C" imm="4294967276 C" rd="a5  (x15) C" target="0x558bf42699c0" beh="none" ></load>
</step>
<step pc="10184" step="152"><instruction opcode="ADDI" rd="a5  (x15) C" rs1="a5  (x15) C" imm="1 C" beh="none" ></instruction>
</step>
<step pc="10188" step="153"><store opcode="SW" rs1="s0/fp(x8) C" imm="4294967276 C" rs2="a5  (x15) C" target="0x558bf42699c0" beh="none" ></store>
</step>
<step pc="1018c" step="154"><load opcode="LW" rs1="s0/fp(x8) C" imm="4294967276 C" rd="a4  (x14) C" target="0x558bf3fa8990" beh="none" ></load>
</step>
<step pc="10190" step="155"><load opcode="LW" rs1="s0/fp(x8) C" imm="4294967260 C" rd="a5  (x15) C" target="0x558bf4269a90" beh="none" ></load>
</step>
<step pc="10194" step="156"><branch opcode="BLT" rs1="a4  (x14) C" rs2="a5  (x15) C" cond="1" target="10118" beh="none" ></branch>
</step>
<step pc="1011c" step="157"><load opcode="LW" rs1="s0/fp(x8) C" imm="4294967256 C" rd="a5  (x15) S" target="0x558bf3fa8990" beh="create" ></load>
</step>
<step pc="10120" step="158"><instruction opcode="SLLI" rd="a5  (x15) S" rs1="a5  (x15) S" imm="1 C" beh="update" ></instruction>
</step>
<step pc="10124" step="159"><store opcode="SW" rs1="s0/fp(x8) C" imm="4294967256 C" rs2="a5  (x15) C" target="0x558bf4269a90" beh="create" ></store>
</step>
<step pc="10128" step="160"><load opcode="LW" rs1="s0/fp(x8) C" imm="4294967252 C" rd="a5  (x15) S" target="0x558bf4269570" beh="overwrite" ></load>
</step>
<step pc="1012c" step="161"><instruction opcode="SLLI" rd="a4  (x14) S" rs1="a5  (x15) S" imm="1 C" beh="create" ></instruction>
</step>
<step pc="10130" step="162"><load opcode="LW" rs1="s0/fp(x8) C" imm="4294967256 C" rd="a5  (x15) S" target="0x558bf42699c0" beh="overwrite" ></load>
</step>
<step pc="10134" step="163"><instruction opcode="SUB" rd="a5  (x15) S" rs1="a4  (x14) S" rs2="a5  (x15) S" beh="update" ></instruction>
</step>
<step pc="10138" step="164"><load opcode="LW" rs1="s0/fp(x8) C" imm="4294967260 C" rd="a4  (x14) C" target="0x558bf4269a90" beh="destroy" ></load>
</step>
<step pc="1013c" step="165"><instruction opcode="ADD" rd="a5  (x15) S" rs1="a4  (x14) C" rs2="a5  (x15) S" beh="update" ></instruction>
</step>
<step pc="10140" step="166"><store opcode="SW" rs1="s0/fp(x8) C" imm="4294967252 C" rs2="a5  (x15) C" target="0x558bf42699c0" beh="create" ></store>
</step>
<step pc="10144" step="167"><load opcode="LW" rs1="s0/fp(x8) C" imm="4294967276 C" rd="a4  (x14) C" target="0x558bf42698f0" beh="none" ></load>
</step>
<step pc="10148" step="168"><instruction opcode="ADDI" rd="a5  (x15) C" rs1="zero (x0) C" imm="3 C" beh="destroy" ></instruction>
</step>
<step pc="1014c" step="169"><branch opcode="BNE" rs1="a4  (x14) C" rs2="a5  (x15) C" cond="1" target="10168" beh="none" ></branch>
</step>
<step pc="1016c" step="170"><load opcode="LW" rs1="s0/fp(x8) C" imm="4294967276 C" rd="a4  (x14) C" target="0x558bf42698f0" beh="none" ></load>
</step>
<step pc="10170" step="171"><instruction opcode="ADDI" rd="a5  (x15) C" rs1="zero (x0) C" imm="10 C" beh="none" ></instruction>
</step>
<step pc="10174" step="172"><branch opcode="BGE" rs1="a5  (x15) C" rs2="a4  (x14) C" cond="1" target="1017c" beh="none" ></branch>
</step>
<step pc="10180" step="173"><load opcode="LW" rs1="s0/fp(x8) C" imm="4294967276 C" rd="a5  (x15) C" target="0x558bf42698f0" beh="none" ></load>
</step>
<step pc="10184" step="174"><instruction opcode="ADDI" rd="a5  (x15) C" rs1="a5  (x15) C" imm="1 C" beh="none" ></instruction>
</step>
<step pc="10188" step="175"><store opcode="SW" rs1="s0/fp(x8) C" imm="4294967276 C" rs2="a5  (x15) C" target="0x558bf42698f0" beh="none" ></store>
</step>
<step pc="1018c" step="176"><load opcode="LW" rs1="s0/fp(x8) C" imm="4294967276 C" rd="a4  (x14) C" target="0x558bf4268d50" beh="none" ></load>
</step>
<step pc="10190" step="177"><load opcode="LW" rs1="s0/fp(x8) C" imm="4294967260 C" rd="a5  (x15) C" target="0x558bf42699c0" beh="none" ></load>
</step>
<step pc="10194" step="178"><branch opcode="BLT" rs1="a4  (x14) C" rs2="a5  (x15) C" cond="1" target="10118" beh="none" ></branch>
</step>
<step pc="1011c" step="179"><load opcode="LW" rs1="s0/fp(x8) C" imm="4294967256 C" rd="a5  (x15) S" target="0x558bf4268d50" beh="create" ></load>
</step>
<step pc="10120" step="180"><instruction opcode="SLLI" rd="a5  (x15) S" rs1="a5  (x15) S" imm="1 C" beh="update" ></instruction>
</step>
<step pc="10124" step="181"><store opcode="SW" rs1="s0/fp(x8) C" imm="4294967256 C" rs2="a5  (x15) C" target="0x558bf42699c0" beh="create" ></store>
</step>
<step pc="10128" step="182"><load opcode="LW" rs1="s0/fp(x8) C" imm="4294967252 C" rd="a5  (x15) S" target="0x558bf3faa2c0" beh="overwrite" ></load>
</step>
<step pc="1012c" step="183"><instruction opcode="SLLI" rd="a4  (x14) S" rs1="a5  (x15) S" imm="1 C" beh="create" ></instruction>
</step>
<step pc="10130" step="184"><load opcode="LW" rs1="s0/fp(x8) C" imm="4294967256 C" rd="a5  (x15) S" target="0x558bf42698f0" beh="overwrite" ></load>
</step>
<step pc="10134" step="185"><instruction opcode="SUB" rd="a5  (x15) S" rs1="a4  (x14) S" rs2="a5  (x15) S" beh="update" ></instruction>
</step>
<step pc="10138" step="186"><load opcode="LW" rs1="s0/fp(x8) C" imm="4294967260 C" rd="a4  (x14) C" target="0x558bf42699c0" beh="destroy" ></load>
</step>
<step pc="1013c" step="187"><instruction opcode="ADD" rd="a5  (x15) S" rs1="a4  (x14) C" rs2="a5  (x15) S" beh="update" ></instruction>
</step>
<step pc="10140" step="188"><store opcode="SW" rs1="s0/fp(x8) C" imm="4294967252 C" rs2="a5  (x15) C" target="0x558bf42698f0" beh="create" ></store>
</step>
<step pc="10144" step="189"><load opcode="LW" rs1="s0/fp(x8) C" imm="4294967276 C" rd="a4  (x14) C" target="0x558bf3fa9130" beh="none" ></load>
</step>
<step pc="10148" step="190"><instruction opcode="ADDI" rd="a5  (x15) C" rs1="zero (x0) C" imm="3 C" beh="destroy" ></instruction>
</step>
<step pc="1014c" step="191"><branch opcode="BNE" rs1="a4  (x14) C" rs2="a5  (x15) C" cond="0" target="1014c" beh="none" ></branch>
</step>
<step pc="10150" step="192"><instruction opcode="ADDI" rd="a5  (x15) C" rs1="zero (x0) C" imm="3 C" beh="none" ></instruction>
</step>
<step pc="10154" step="193"><store opcode="SW" rs1="s0/fp(x8) C" imm="4294967260 C" rs2="a5  (x15) C" target="0x558bf42698f0" beh="none" ></store>
</step>
<step pc="10158" step="194"><instruction opcode="ADDI" rd="a5  (x15) C" rs1="zero (x0) C" imm="3 C" beh="none" ></instruction>
</step>
<step pc="1015c" step="195"><store opcode="SW" rs1="s0/fp(x8) C" imm="4294967256 C" rs2="a5  (x15) C" target="0x558bf4268aa0" beh="none" ></store>
</step>
<step pc="10160" step="196"><instruction opcode="ADDI" rd="a5  (x15) C" rs1="zero (x0) C" imm="3 C" beh="none" ></instruction>
</step>
<step pc="10164" step="197"><store opcode="SW" rs1="s0/fp(x8) C" imm="4294967252 C" rs2="a5  (x15) C" target="0x558bf42698f0" beh="none" ></store>
</step>
<step pc="10168" step="198"><jump target="1017c" link="zero (x0)" link-address="10168" beh="none" ></jump>
</step>
<step pc="10180" step="199"><load opcode="LW" rs1="s0/fp(x8) C" imm="4294967276 C" rd="a5  (x15) C" target="0x558bf4269490" beh="none" ></load>
</step>
<step pc="10184" step="200"><instruction opcode="ADDI" rd="a5  (x15) C" rs1="a5  (x15) C" imm="1 C" beh="none" ></instruction>
</step>
<step pc="10188" step="201"><store opcode="SW" rs1="s0/fp(x8) C" imm="4294967276 C" rs2="a5  (x15) C" target="0x558bf4269490" beh="none" ></store>
</step>
<step pc="1018c" step="202"><load opcode="LW" rs1="s0/fp(x8) C" imm="4294967276 C" rd="a4  (x14) C" target="0x558bf42688d0" beh="none" ></load>
</step>
<step pc="10190" step="203"><load opcode="LW" rs1="s0/fp(x8) C" imm="4294967260 C" rd="a5  (x15) C" target="0x558bf4268b10" beh="none" ></load>
</step>
<step pc="10194" step="204"><branch opcode="BLT" rs1="a4  (x14) C" rs2="a5  (x15) C" cond="0" target="10194" beh="none" ></branch>
</step>
<step pc="10198" step="205"><instruction opcode="ADDI" rd="a0  (x10) C" rs1="a5  (x15) C" imm="0 C" beh="none" ></instruction>
</step>
<step pc="1019c" step="206"><load opcode="LW" rs1="sp   (x2) C" imm="44 C" rd="s0/fp(x8) C" target="0x558bf4268b10" beh="none" ></load>
</step>
<step pc="101a0" step="207"><instruction opcode="ADDI" rd="sp   (x2) C" rs1="sp   (x2) C" imm="48 C" beh="none" ></instruction>
</step>
<step pc="101a4" step="208"><jump target="1023c" link="zero (x0)" link-address=" 101a4" beh="none" ></jump>
</step>
<step pc="10240" step="209"><store opcode="SW" rs1="s0/fp(x8) C" imm="4294967256 C" rs2="a0  (x10) C" target="0x558bf4268b10" beh="none" ></store>
</step>
<step pc="10244" step="210"><load opcode="LW" rs1="s0/fp(x8) C" imm="4294967256 C" rd="a4  (x14) C" target="0x558bf3fa94b0" beh="none" ></load>
</step>
<step pc="10248" step="211"><instruction opcode="LUI" rd="a5  (x15) C" imm="4096 C" beh="none" ></instruction></step>
<step pc="1024c" step="212"><branch opcode="BGE" rs1="a4  (x14) C" rs2="a5  (x15) C" cond="0" target="1024c" beh="none" ></branch>
</step>
<step pc="10250" step="213"><instruction opcode="LUI" rd="a5  (x15) C" imm="77824 C" beh="none" ></instruction></step>
<step pc="10254" step="214"><instruction opcode="ADDI" rd="a4  (x14) C" rs1="a5  (x15) C" imm="0 C" beh="none" ></instruction>
</step>
<step pc="10258" step="215"><load opcode="LW" rs1="s0/fp(x8) C" imm="4294967256 C" rd="a5  (x15) C" target="0x558bf3fa94b0" beh="none" ></load>
</step>
<step pc="1025c" step="216"><instruction opcode="ADD" rd="a5  (x15) C" rs1="a4  (x14) C" rs2="a5  (x15) C" beh="none" ></instruction>
</step>
<step pc="10260" step="217"><load opcode="LBU" rs1="a5  (x15) C" imm="0 C" rd="a5  (x15) C" target="0x558bf42693b0" beh="none" ></load>
</step>
<step pc="10264" step="218"><jump target="10268" link="zero (x0)" link-address="10264" beh="none" ></jump>
</step>
<step pc="1026c" step="219"><instruction opcode="ADDI" rd="a0  (x10) C" rs1="a5  (x15) C" imm="0 C" beh="none" ></instruction>
</step>
<step pc="10270" step="220"><load opcode="LW" rs1="sp   (x2) C" imm="44 C" rd="ra   (x1) C" target="0x558bf42693b0" beh="none" ></load>
</step>
<step pc="10274" step="221"><load opcode="LW" rs1="sp   (x2) C" imm="40 C" rd="s0/fp(x8) C" target="0x558bf4268b10" beh="none" ></load>
</step>
<step pc="10278" step="222"><instruction opcode="ADDI" rd="sp   (x2) C" rs1="sp   (x2) C" imm="48 C" beh="none" ></instruction>
</step>
<step pc="1027c" step="223"><jump target="102d4" link="zero (x0)" link-address=" 1027c" beh="none" ></jump>
</step>
<step pc="102d8" step="224"><instruction opcode="ADDI" rd="a5  (x15) C" rs1="zero (x0) C" imm="0 C" beh="none" ></instruction>
</step>
<step pc="102dc" step="225"><instruction opcode="ADDI" rd="a0  (x10) C" rs1="a5  (x15) C" imm="0 C" beh="none" ></instruction>
</step>
<step pc="102e0" step="226"><load opcode="LW" rs1="sp   (x2) C" imm="12 C" rd="ra   (x1) C" target="0x558bf4269570" beh="none" ></load>
</step>
<step pc="102e4" step="227"><load opcode="LW" rs1="sp   (x2) C" imm="8 C" rd="s0/fp(x8) C" target="0x558bf4268aa0" beh="none" ></load>
</step>
<step pc="102e8" step="228"><instruction opcode="ADDI" rd="sp   (x2) C" rs1="sp   (x2) C" imm="16 C" beh="none" ></instruction>
</step>
<step pc="102ec" step="229"><jump target="102f0" link="zero (x0)" link-address=" 102ec" beh="none" ></jump>
</step>
<step pc="102f4" step="230"><instruction opcode="ADDI" rd="a7  (x17) C" rs1="zero (x0) C" imm="93 C" beh="none" ></instruction>
</step>
<step pc="102f8" step="231"><instruction opcode="ADDI" rd="a0  (x10) C" rs1="zero (x0) C" imm="0 C" beh="none" ></instruction>
</step>
<step pc="102fc" step="232"><ECALL></ECALL>
</step>
</run>


Info: /OSCI/SystemC: Simulation stopped by user.
<registers>
=[ core : 0 ]===========================
simulation time: 9080 ns
zero (x0) = (none, 0)
ra   (x1) = (none, 102f0)
sp   (x2) = (none, 1ffffffc)
gp   (x3) = (none, 0)
tp   (x4) = (none, 0)
t0   (x5) = (none, 0)
t1   (x6) = (none, 0)
t2   (x7) = (none, 0)
s0/fp(x8) = (none, 0)
s1   (x9) = (none, 0)
a0  (x10) = (none, 0)
a1  (x11) = (0, 0)
a2  (x12) = (none, fffffff6)
a3  (x13) = (none, 0)
a4  (x14) = (none, 13000)
a5  (x15) = (none, 0)
a6  (x16) = (none, 0)
a7  (x17) = (none, 5d)
s2  (x18) = (none, 0)
s3  (x19) = (none, 0)
s4  (x20) = (none, 0)
s5  (x21) = (none, 0)
s6  (x22) = (none, 0)
s7  (x23) = (none, 0)
s8  (x24) = (none, 0)
s9  (x25) = (none, 0)
s10 (x26) = (none, 0)
s11 (x27) = (none, 0)
t3  (x28) = (none, 0)
t4  (x29) = (none, 0)
t5  (x30) = (none, 0)
t6  (x31) = (none, 0)
pc = 102fc
num-instr = 233
</registers>
<timeline branch_pc= "101c8" parent_run= "2" ></timeline>
</symex>
<symex>
run id: 3

##
# 4th concolic execution
##
<run start="0">
<step pc="102f0" step="0"><jump target="1027c" link="ra   (x1)" link-address="102f0" beh="none" ></jump>
</step>
<step pc="10280" step="1"><instruction opcode="ADDI" rd="sp   (x2) C" rs1="sp   (x2) C" imm="4294967280 C" beh="none" ></instruction>
</step>
<step pc="10284" step="2"><store opcode="SW" rs1="sp   (x2) C" imm="12 C" rs2="ra   (x1) C" target="0x558bf3fa79d0" beh="none" ></store>
</step>
<step pc="10288" step="3"><store opcode="SW" rs1="sp   (x2) C" imm="8 C" rs2="s0/fp(x8) C" target="0x558bf3fa7d90" beh="none" ></store>
</step>
<step pc="1028c" step="4"><instruction opcode="ADDI" rd="s0/fp(x8) C" rs1="sp   (x2) C" imm="16 C" beh="none" ></instruction>
</step>
<step pc="10290" step="5"><instruction opcode="ADDI" rd="a1  (x11) C" rs1="zero (x0) C" imm="4 C" beh="none" ></instruction>
</step>
<step pc="10294" step="6"><instruction opcode="LUI" rd="a5  (x15) C" imm="73728 C" beh="none" ></instruction></step>
<step pc="10298" step="7"><instruction opcode="ADDI" rd="a0  (x10) C" rs1="a5  (x15) C" imm="0 C" beh="none" ></instruction>
</step>
<step pc="1029c" step="8"><instruction opcode="AUIPC" rd="ra   (x1) C" imm="0 C" beh="none"  ></instruction></step>
<step pc="102a0" step="9"><jump target="10074" link="ra   (x1)" link-address=" 102a0" beh="none" ></jump>
</step>
<step pc="10078" step="10"><instruction opcode="ADDI" rd="sp   (x2) C" rs1="sp   (x2) C" imm="4294967264 C" beh="none" ></instruction>
</step>
<step pc="1007c" step="11"><store opcode="SW" rs1="sp   (x2) C" imm="28 C" rs2="s0/fp(x8) C" target="0x558bf41badc0" beh="none" ></store>
</step>
<step pc="10080" step="12"><instruction opcode="ADDI" rd="s0/fp(x8) C" rs1="sp   (x2) C" imm="32 C" beh="none" ></instruction>
</step>
<step pc="10084" step="13"><store opcode="SW" rs1="s0/fp(x8) C" imm="4294967276 C" rs2="a0  (x10) C" target="0x558bf3fa7d90" beh="none" ></store>
</step>
<step pc="10088" step="14"><store opcode="SW" rs1="s0/fp(x8) C" imm="4294967272 C" rs2="a1  (x11) C" target="0x558bf41fe820" beh="none" ></store>
</step>
<step pc="1008c" step="15"><load opcode="LW" rs1="s0/fp(x8) C" imm="4294967276 C" rd="a5  (x15) C" target="0x558bf41feb60" beh="none" ></load>
</step>
<step pc="10090" step="16"><load opcode="LW" rs1="s0/fp(x8) C" imm="4294967272 C" rd="a4  (x14) C" target="0x558bf41fd9c0" beh="none" ></load>
</step>
<step pc="10094" step="17"><instruction opcode="ADDI" rd="a7  (x17) C" rs1="zero (x0) C" imm="96 C" beh="none" ></instruction>
</step>
<step pc="10098" step="18"><instruction opcode="ADDI" rd="a0  (x10) C" rs1="a5  (x15) C" imm="0 C" beh="none" ></instruction>
</step>
<step pc="1009c" step="19"><instruction opcode="ADDI" rd="a1  (x11) C" rs1="a4  (x14) C" imm="0 C" beh="none" ></instruction>
</step>
<step pc="100a0" step="20"><ECALL></ECALL>
</step>
<step pc="100a4" step="21"><instruction opcode="ADDI" rd="zero (x0) C" rs1="zero (x0) C" imm="0 C" beh="none" ></instruction>
</step>
<step pc="100a8" step="22"><load opcode="LW" rs1="sp   (x2) C" imm="28 C" rd="s0/fp(x8) C" target="0x558bf41fda10" beh="none" ></load>
</step>
<step pc="100ac" step="23"><instruction opcode="ADDI" rd="sp   (x2) C" rs1="sp   (x2) C" imm="32 C" beh="none" ></instruction>
</step>
<step pc="100b0" step="24"><jump target="102a0" link="zero (x0)" link-address=" 100b0" beh="none" ></jump>
</step>
<step pc="102a4" step="25"><instruction opcode="ADDI" rd="a1  (x11) C" rs1="zero (x0) C" imm="4 C" beh="none" ></instruction>
</step>
<step pc="102a8" step="26"><instruction opcode="LUI" rd="a5  (x15) C" imm="73728 C" beh="none" ></instruction></step>
<step pc="102ac" step="27"><instruction opcode="ADDI" rd="a0  (x10) C" rs1="a5  (x15) C" imm="4 C" beh="none" ></instruction>
</step>
<step pc="102b0" step="28"><instruction opcode="AUIPC" rd="ra   (x1) C" imm="0 C" beh="none"  ></instruction></step>
<step pc="102b4" step="29"><jump target="10074" link="ra   (x1)" link-address=" 102b4" beh="none" ></jump>
</step>
<step pc="10078" step="30"><instruction opcode="ADDI" rd="sp   (x2) C" rs1="sp   (x2) C" imm="4294967264 C" beh="none" ></instruction>
</step>
<step pc="1007c" step="31"><store opcode="SW" rs1="sp   (x2) C" imm="28 C" rs2="s0/fp(x8) C" target="0x558bf3fa7d90" beh="none" ></store>
</step>
<step pc="10080" step="32"><instruction opcode="ADDI" rd="s0/fp(x8) C" rs1="sp   (x2) C" imm="32 C" beh="none" ></instruction>
</step>
<step pc="10084" step="33"><store opcode="SW" rs1="s0/fp(x8) C" imm="4294967276 C" rs2="a0  (x10) C" target="0x558bf41fe4e0" beh="none" ></store>
</step>
<step pc="10088" step="34"><store opcode="SW" rs1="s0/fp(x8) C" imm="4294967272 C" rs2="a1  (x11) C" target="0x558bf41fe720" beh="none" ></store>
</step>
<step pc="1008c" step="35"><load opcode="LW" rs1="s0/fp(x8) C" imm="4294967276 C" rd="a5  (x15) C" target="0x558bf41fea60" beh="none" ></load>
</step>
<step pc="10090" step="36"><load opcode="LW" rs1="s0/fp(x8) C" imm="4294967272 C" rd="a4  (x14) C" target="0x558bf3fa96a0" beh="none" ></load>
</step>
<step pc="10094" step="37"><instruction opcode="ADDI" rd="a7  (x17) C" rs1="zero (x0) C" imm="96 C" beh="none" ></instruction>
</step>
<step pc="10098" step="38"><instruction opcode="ADDI" rd="a0  (x10) C" rs1="a5  (x15) C" imm="0 C" beh="none" ></instruction>
</step>
<step pc="1009c" step="39"><instruction opcode="ADDI" rd="a1  (x11) C" rs1="a4  (x14) C" imm="0 C" beh="none" ></instruction>
</step>
<step pc="100a0" step="40"><ECALL></ECALL>
</step>
<step pc="100a4" step="41"><instruction opcode="ADDI" rd="zero (x0) C" rs1="zero (x0) C" imm="0 C" beh="none" ></instruction>
</step>
<step pc="100a8" step="42"><load opcode="LW" rs1="sp   (x2) C" imm="28 C" rd="s0/fp(x8) C" target="0x558bf3f365c0" beh="none" ></load>
</step>
<step pc="100ac" step="43"><instruction opcode="ADDI" rd="sp   (x2) C" rs1="sp   (x2) C" imm="32 C" beh="none" ></instruction>
</step>
<step pc="100b0" step="44"><jump target="102b4" link="zero (x0)" link-address=" 100b0" beh="none" ></jump>
</step>
<step pc="102b8" step="45"><instruction opcode="LUI" rd="a5  (x15) C" imm="73728 C" beh="none" ></instruction></step>
<step pc="102bc" step="46"><load opcode="LW" rs1="a5  (x15) C" imm="0 C" rd="a4  (x14) S" target="0x558bf3f365c0" beh="create" ></load>
</step>
<step pc="102c0" step="47"><instruction opcode="LUI" rd="a5  (x15) C" imm="73728 C" beh="none" ></instruction></step>
<step pc="102c4" step="48"><load opcode="LW" rs1="a5  (x15) C" imm="4 C" rd="a5  (x15) S" target="0x558bf3fa96a0" beh="create" ></load>
</step>
<step pc="102c8" step="49"><instruction opcode="ADDI" rd="a1  (x11) S" rs1="a5  (x15) S" imm="0 C" beh="create" ></instruction>
</step>
<step pc="102cc" step="50"><instruction opcode="ADDI" rd="a0  (x10) S" rs1="a4  (x14) S" imm="0 C" beh="create" ></instruction>
</step>
<step pc="102d0" step="51"><instruction opcode="AUIPC" rd="ra   (x1) C" imm="0 C" beh="none"  ></instruction></step>
<step pc="102d4" step="52"><jump target="101a4" link="ra   (x1)" link-address=" 102d4" beh="none" ></jump>
</step>
<step pc="101a8" step="53"><instruction opcode="ADDI" rd="sp   (x2) C" rs1="sp   (x2) C" imm="4294967248 C" beh="none" ></instruction>
</step>
<step pc="101ac" step="54"><store opcode="SW" rs1="sp   (x2) C" imm="44 C" rs2="ra   (x1) C" target="0x558bf41b9a40" beh="none" ></store>
</step>
<step pc="101b0" step="55"><store opcode="SW" rs1="sp   (x2) C" imm="40 C" rs2="s0/fp(x8) C" target="0x558bf41fe310" beh="none" ></store>
</step>
<step pc="101b4" step="56"><instruction opcode="ADDI" rd="s0/fp(x8) C" rs1="sp   (x2) C" imm="48 C" beh="none" ></instruction>
</step>
<step pc="101b8" step="57"><store opcode="SW" rs1="s0/fp(x8) C" imm="4294967260 C" rs2="a0  (x10) C" target="0x558bf41fda10" beh="create" ></store>
</step>
<step pc="101bc" step="58"><store opcode="SW" rs1="s0/fp(x8) C" imm="4294967256 C" rs2="a1  (x11) C" target="0x558bf4133120" beh="create" ></store>
</step>
<step pc="101c0" step="59"><store opcode="SW" rs1="s0/fp(x8) C" imm="4294967276 C" rs2="zero (x0) C" target="0x558bf4133580" beh="none" ></store>
</step>
<step pc="101c4" step="60"><load opcode="LW" rs1="s0/fp(x8) C" imm="4294967260 C" rd="a5  (x15) S" target="0x558bf41fe650" beh="overwrite" ></load>
</step>
<step pc="101c8" step="61"><branch opcode="BGE" rs1="zero (x0) C" rs2="a5  (x15) S" cond="1" target="101d0" beh="special" ></branch>
</step>
<step pc="101d4" step="62"><load opcode="LW" rs1="s0/fp(x8) C" imm="4294967260 C" rd="a4  (x14) S" target="0x558bf41fda10" beh="overwrite" ></load>
</step>
<step pc="101d8" step="63"><load opcode="LW" rs1="s0/fp(x8) C" imm="4294967256 C" rd="a5  (x15) S" target="0x558bf41fe650" beh="overwrite" ></load>
</step>
<step pc="101dc" step="64"><instruction opcode="ADD" rd="a5  (x15) S" rs1="a4  (x14) S" rs2="a5  (x15) S" beh="update" ></instruction>
</step>
<step pc="101e0" step="65"><load opcode="LW" rs1="s0/fp(x8) C" imm="4294967276 C" rd="a4  (x14) C" target="0x558bf41fda10" beh="destroy" ></load>
</step>
<step pc="101e4" step="66"><instruction opcode="ADD" rd="a5  (x15) S" rs1="a4  (x14) C" rs2="a5  (x15) S" beh="update" ></instruction>
</step>
<step pc="101e8" step="67"><store opcode="SW" rs1="s0/fp(x8) C" imm="4294967260 C" rs2="a5  (x15) C" target="0x558bf41fe650" beh="create" ></store>
</step>
<step pc="101ec" step="68"><load opcode="LW" rs1="s0/fp(x8) C" imm="4294967260 C" rd="a4  (x14) S" target="0x558bf41ff340" beh="create" ></load>
</step>
<step pc="101f0" step="69"><instruction opcode="ADDI" rd="a5  (x15) C" rs1="zero (x0) C" imm="10 C" beh="destroy" ></instruction>
</step>
<step pc="101f4" step="70"><branch opcode="BEQ" rs1="a4  (x14) S" rs2="a5  (x15) C" cond="1" target="10210" beh="special" ></branch>
</step>
<step pc="10214" step="71"><load opcode="LW" rs1="s0/fp(x8) C" imm="4294967276 C" rd="a2  (x12) C" target="0x558bf41ff340" beh="none" ></load>
</step>
<step pc="10218" step="72"><load opcode="LW" rs1="s0/fp(x8) C" imm="4294967256 C" rd="a1  (x11) S" target="0x558bf41fe650" beh="overwrite" ></load>
</step>
<step pc="1021c" step="73"><load opcode="LW" rs1="s0/fp(x8) C" imm="4294967260 C" rd="a0  (x10) S" target="0x558bf41ff340" beh="overwrite" ></load>
</step>
<step pc="10220" step="74"><instruction opcode="AUIPC" rd="ra   (x1) C" imm="0 C" beh="none"  ></instruction></step>
<step pc="10224" step="75"><jump target="100b0" link="ra   (x1)" link-address=" 10224" beh="none" ></jump>
</step>
<step pc="100b4" step="76"><instruction opcode="ADDI" rd="sp   (x2) C" rs1="sp   (x2) C" imm="4294967264 C" beh="none" ></instruction>
</step>
<step pc="100b8" step="77"><store opcode="SW" rs1="sp   (x2) C" imm="28 C" rs2="s0/fp(x8) C" target="0x558bf3f365c0" beh="none" ></store>
</step>
<step pc="100bc" step="78"><instruction opcode="ADDI" rd="s0/fp(x8) C" rs1="sp   (x2) C" imm="32 C" beh="none" ></instruction>
</step>
<step pc="100c0" step="79"><store opcode="SW" rs1="s0/fp(x8) C" imm="4294967276 C" rs2="a0  (x10) C" target="0x558bf41fe650" beh="create" ></store>
</step>
<step pc="100c4" step="80"><store opcode="SW" rs1="s0/fp(x8) C" imm="4294967272 C" rs2="a1  (x11) C" target="0x558bf4134940" beh="create" ></store>
</step>
<step pc="100c8" step="81"><store opcode="SW" rs1="s0/fp(x8) C" imm="4294967268 C" rs2="a2  (x12) C" target="0x558bf4134b80" beh="none" ></store>
</step>
<step pc="100cc" step="82"><load opcode="LW" rs1="s0/fp(x8) C" imm="4294967276 C" rd="a5  (x15) S" target="0x558bf4134d40" beh="create" ></load>
</step>
<step pc="100d0" step="83"><instruction opcode="SLLI" rd="a4  (x14) S" rs1="a5  (x15) S" imm="1 C" beh="overwrite" ></instruction>
</step>
<step pc="100d4" step="84"><load opcode="LW" rs1="s0/fp(x8) C" imm="4294967272 C" rd="a5  (x15) S" target="0x558bf41fe650" beh="overwrite" ></load>
</step>
<step pc="100d8" step="85"><instruction opcode="SUB" rd="a5  (x15) S" rs1="a4  (x14) S" rs2="a5  (x15) S" beh="update" ></instruction>
</step>
<step pc="100dc" step="86"><load opcode="LW" rs1="s0/fp(x8) C" imm="4294967268 C" rd="a4  (x14) C" target="0x558bf4134b80" beh="destroy" ></load>
</step>
<step pc="100e0" step="87"><instruction opcode="ADD" rd="a5  (x15) S" rs1="a4  (x14) C" rs2="a5  (x15) S" beh="update" ></instruction>
</step>
<step pc="100e4" step="88"><store opcode="SW" rs1="s0/fp(x8) C" imm="4294967276 C" rs2="a5  (x15) C" target="0x558bf41fe650" beh="create" ></store>
</step>
<step pc="100e8" step="89"><instruction opcode="ADDI" rd="a5  (x15) C" rs1="zero (x0) C" imm="6 C" beh="destroy" ></instruction>
</step>
<step pc="100ec" step="90"><instruction opcode="ADDI" rd="a0  (x10) C" rs1="a5  (x15) C" imm="0 C" beh="destroy" ></instruction>
</step>
<step pc="100f0" step="91"><load opcode="LW" rs1="sp   (x2) C" imm="28 C" rd="s0/fp(x8) C" target="0x558bf4121400" beh="none" ></load>
</step>
<step pc="100f4" step="92"><instruction opcode="ADDI" rd="sp   (x2) C" rs1="sp   (x2) C" imm="32 C" beh="none" ></instruction>
</step>
<step pc="100f8" step="93"><jump target="10224" link="zero (x0)" link-address=" 100f8" beh="none" ></jump>
</step>
<step pc="10228" step="94"><store opcode="SW" rs1="s0/fp(x8) C" imm="4294967260 C" rs2="a0  (x10) C" target="0x558bf4121400" beh="none" ></store>
</step>
<step pc="1022c" step="95"><load opcode="LW" rs1="s0/fp(x8) C" imm="4294967276 C" rd="a2  (x12) C" target="0x558bf41ff220" beh="none" ></load>
</step>
<step pc="10230" step="96"><load opcode="LW" rs1="s0/fp(x8) C" imm="4294967256 C" rd="a1  (x11) S" target="0x558bf4134700" beh="overwrite" ></load>
</step>
<step pc="10234" step="97"><load opcode="LW" rs1="s0/fp(x8) C" imm="4294967260 C" rd="a0  (x10) C" target="0x558bf41ff220" beh="none" ></load>
</step>
<step pc="10238" step="98"><instruction opcode="AUIPC" rd="ra   (x1) C" imm="0 C" beh="none"  ></instruction></step>
<step pc="1023c" step="99"><jump target="100f8" link="ra   (x1)" link-address=" 1023c" beh="none" ></jump>
</step>
<step pc="100fc" step="100"><instruction opcode="ADDI" rd="sp   (x2) C" rs1="sp   (x2) C" imm="4294967248 C" beh="none" ></instruction>
</step>
<step pc="10100" step="101"><store opcode="SW" rs1="sp   (x2) C" imm="44 C" rs2="s0/fp(x8) C" target="0x558bf4133120" beh="none" ></store>
</step>
<step pc="10104" step="102"><instruction opcode="ADDI" rd="s0/fp(x8) C" rs1="sp   (x2) C" imm="48 C" beh="none" ></instruction>
</step>
<step pc="10108" step="103"><store opcode="SW" rs1="s0/fp(x8) C" imm="4294967260 C" rs2="a0  (x10) C" target="0x558bf4134700" beh="none" ></store>
</step>
<step pc="1010c" step="104"><store opcode="SW" rs1="s0/fp(x8) C" imm="4294967256 C" rs2="a1  (x11) C" target="0x558bf41352c0" beh="create" ></store>
</step>
<step pc="10110" step="105"><store opcode="SW" rs1="s0/fp(x8) C" imm="4294967252 C" rs2="a2  (x12) C" target="0x558bf4135680" beh="none" ></store>
</step>
<step pc="10114" step="106"><store opcode="SW" rs1="s0/fp(x8) C" imm="4294967276 C" rs2="zero (x0) C" target="0x558bf41359c0" beh="none" ></store>
</step>
<step pc="10118" step="107"><jump target="10188" link="zero (x0)" link-address="10118" beh="none" ></jump>
</step>
<step pc="1018c" step="108"><load opcode="LW" rs1="s0/fp(x8) C" imm="4294967276 C" rd="a4  (x14) C" target="0x558bf4134840" beh="none" ></load>
</step>
<step pc="10190" step="109"><load opcode="LW" rs1="s0/fp(x8) C" imm="4294967260 C" rd="a5  (x15) C" target="0x558bf41352c0" beh="none" ></load>
</step>
<step pc="10194" step="110"><branch opcode="BLT" rs1="a4  (x14) C" rs2="a5  (x15) C" cond="1" target="10118" beh="none" ></branch>
</step>
<step pc="1011c" step="111"><load opcode="LW" rs1="s0/fp(x8) C" imm="4294967256 C" rd="a5  (x15) S" target="0x558bf4134840" beh="create" ></load>
</step>
<step pc="10120" step="112"><instruction opcode="SLLI" rd="a5  (x15) S" rs1="a5  (x15) S" imm="1 C" beh="update" ></instruction>
</step>
<step pc="10124" step="113"><store opcode="SW" rs1="s0/fp(x8) C" imm="4294967256 C" rs2="a5  (x15) C" target="0x558bf41352c0" beh="create" ></store>
</step>
<step pc="10128" step="114"><load opcode="LW" rs1="s0/fp(x8) C" imm="4294967252 C" rd="a5  (x15) C" target="0x558bf4135580" beh="destroy" ></load>
</step>
<step pc="1012c" step="115"><instruction opcode="SLLI" rd="a4  (x14) C" rs1="a5  (x15) C" imm="1 C" beh="none" ></instruction>
</step>
<step pc="10130" step="116"><load opcode="LW" rs1="s0/fp(x8) C" imm="4294967256 C" rd="a5  (x15) S" target="0x558bf41359c0" beh="create" ></load>
</step>
<step pc="10134" step="117"><instruction opcode="SUB" rd="a5  (x15) S" rs1="a4  (x14) C" rs2="a5  (x15) S" beh="update" ></instruction>
</step>
<step pc="10138" step="118"><load opcode="LW" rs1="s0/fp(x8) C" imm="4294967260 C" rd="a4  (x14) C" target="0x558bf41352c0" beh="none" ></load>
</step>
<step pc="1013c" step="119"><instruction opcode="ADD" rd="a5  (x15) S" rs1="a4  (x14) C" rs2="a5  (x15) S" beh="update" ></instruction>
</step>
<step pc="10140" step="120"><store opcode="SW" rs1="s0/fp(x8) C" imm="4294967252 C" rs2="a5  (x15) C" target="0x558bf41359c0" beh="create" ></store>
</step>
<step pc="10144" step="121"><load opcode="LW" rs1="s0/fp(x8) C" imm="4294967276 C" rd="a4  (x14) C" target="0x558bf41358c0" beh="none" ></load>
</step>
<step pc="10148" step="122"><instruction opcode="ADDI" rd="a5  (x15) C" rs1="zero (x0) C" imm="3 C" beh="destroy" ></instruction>
</step>
<step pc="1014c" step="123"><branch opcode="BNE" rs1="a4  (x14) C" rs2="a5  (x15) C" cond="1" target="10168" beh="none" ></branch>
</step>
<step pc="1016c" step="124"><load opcode="LW" rs1="s0/fp(x8) C" imm="4294967276 C" rd="a4  (x14) C" target="0x558bf41358c0" beh="none" ></load>
</step>
<step pc="10170" step="125"><instruction opcode="ADDI" rd="a5  (x15) C" rs1="zero (x0) C" imm="10 C" beh="none" ></instruction>
</step>
<step pc="10174" step="126"><branch opcode="BGE" rs1="a5  (x15) C" rs2="a4  (x14) C" cond="1" target="1017c" beh="none" ></branch>
</step>
<step pc="10180" step="127"><load opcode="LW" rs1="s0/fp(x8) C" imm="4294967276 C" rd="a5  (x15) C" target="0x558bf41358c0" beh="none" ></load>
</step>
<step pc="10184" step="128"><instruction opcode="ADDI" rd="a5  (x15) C" rs1="a5  (x15) C" imm="1 C" beh="none" ></instruction>
</step>
<step pc="10188" step="129"><store opcode="SW" rs1="s0/fp(x8) C" imm="4294967276 C" rs2="a5  (x15) C" target="0x558bf41358c0" beh="none" ></store>
</step>
<step pc="1018c" step="130"><load opcode="LW" rs1="s0/fp(x8) C" imm="4294967276 C" rd="a4  (x14) C" target="0x558bf41347b0" beh="none" ></load>
</step>
<step pc="10190" step="131"><load opcode="LW" rs1="s0/fp(x8) C" imm="4294967260 C" rd="a5  (x15) C" target="0x558bf41359c0" beh="none" ></load>
</step>
<step pc="10194" step="132"><branch opcode="BLT" rs1="a4  (x14) C" rs2="a5  (x15) C" cond="1" target="10118" beh="none" ></branch>
</step>
<step pc="1011c" step="133"><load opcode="LW" rs1="s0/fp(x8) C" imm="4294967256 C" rd="a5  (x15) S" target="0x558bf41347b0" beh="create" ></load>
</step>
<step pc="10120" step="134"><instruction opcode="SLLI" rd="a5  (x15) S" rs1="a5  (x15) S" imm="1 C" beh="update" ></instruction>
</step>
<step pc="10124" step="135"><store opcode="SW" rs1="s0/fp(x8) C" imm="4294967256 C" rs2="a5  (x15) C" target="0x558bf41359c0" beh="create" ></store>
</step>
<step pc="10128" step="136"><load opcode="LW" rs1="s0/fp(x8) C" imm="4294967252 C" rd="a5  (x15) S" target="0x558bf4135480" beh="overwrite" ></load>
</step>
<step pc="1012c" step="137"><instruction opcode="SLLI" rd="a4  (x14) S" rs1="a5  (x15) S" imm="1 C" beh="create" ></instruction>
</step>
<step pc="10130" step="138"><load opcode="LW" rs1="s0/fp(x8) C" imm="4294967256 C" rd="a5  (x15) S" target="0x558bf41358c0" beh="overwrite" ></load>
</step>
<step pc="10134" step="139"><instruction opcode="SUB" rd="a5  (x15) S" rs1="a4  (x14) S" rs2="a5  (x15) S" beh="update" ></instruction>
</step>
<step pc="10138" step="140"><load opcode="LW" rs1="s0/fp(x8) C" imm="4294967260 C" rd="a4  (x14) C" target="0x558bf41359c0" beh="destroy" ></load>
</step>
<step pc="1013c" step="141"><instruction opcode="ADD" rd="a5  (x15) S" rs1="a4  (x14) C" rs2="a5  (x15) S" beh="update" ></instruction>
</step>
<step pc="10140" step="142"><store opcode="SW" rs1="s0/fp(x8) C" imm="4294967252 C" rs2="a5  (x15) C" target="0x558bf41358c0" beh="create" ></store>
</step>
<step pc="10144" step="143"><load opcode="LW" rs1="s0/fp(x8) C" imm="4294967276 C" rd="a4  (x14) C" target="0x558bf41357f0" beh="none" ></load>
</step>
<step pc="10148" step="144"><instruction opcode="ADDI" rd="a5  (x15) C" rs1="zero (x0) C" imm="3 C" beh="destroy" ></instruction>
</step>
<step pc="1014c" step="145"><branch opcode="BNE" rs1="a4  (x14) C" rs2="a5  (x15) C" cond="1" target="10168" beh="none" ></branch>
</step>
<step pc="1016c" step="146"><load opcode="LW" rs1="s0/fp(x8) C" imm="4294967276 C" rd="a4  (x14) C" target="0x558bf41357f0" beh="none" ></load>
</step>
<step pc="10170" step="147"><instruction opcode="ADDI" rd="a5  (x15) C" rs1="zero (x0) C" imm="10 C" beh="none" ></instruction>
</step>
<step pc="10174" step="148"><branch opcode="BGE" rs1="a5  (x15) C" rs2="a4  (x14) C" cond="1" target="1017c" beh="none" ></branch>
</step>
<step pc="10180" step="149"><load opcode="LW" rs1="s0/fp(x8) C" imm="4294967276 C" rd="a5  (x15) C" target="0x558bf41357f0" beh="none" ></load>
</step>
<step pc="10184" step="150"><instruction opcode="ADDI" rd="a5  (x15) C" rs1="a5  (x15) C" imm="1 C" beh="none" ></instruction>
</step>
<step pc="10188" step="151"><store opcode="SW" rs1="s0/fp(x8) C" imm="4294967276 C" rs2="a5  (x15) C" target="0x558bf41357f0" beh="none" ></store>
</step>
<step pc="1018c" step="152"><load opcode="LW" rs1="s0/fp(x8) C" imm="4294967276 C" rd="a4  (x14) C" target="0x558bf41fe4e0" beh="none" ></load>
</step>
<step pc="10190" step="153"><load opcode="LW" rs1="s0/fp(x8) C" imm="4294967260 C" rd="a5  (x15) C" target="0x558bf41358c0" beh="none" ></load>
</step>
<step pc="10194" step="154"><branch opcode="BLT" rs1="a4  (x14) C" rs2="a5  (x15) C" cond="1" target="10118" beh="none" ></branch>
</step>
<step pc="1011c" step="155"><load opcode="LW" rs1="s0/fp(x8) C" imm="4294967256 C" rd="a5  (x15) S" target="0x558bf41fe4e0" beh="create" ></load>
</step>
<step pc="10120" step="156"><instruction opcode="SLLI" rd="a5  (x15) S" rs1="a5  (x15) S" imm="1 C" beh="update" ></instruction>
</step>
<step pc="10124" step="157"><store opcode="SW" rs1="s0/fp(x8) C" imm="4294967256 C" rs2="a5  (x15) C" target="0x558bf41358c0" beh="create" ></store>
</step>
<step pc="10128" step="158"><load opcode="LW" rs1="s0/fp(x8) C" imm="4294967252 C" rd="a5  (x15) S" target="0x558bf41353a0" beh="overwrite" ></load>
</step>
<step pc="1012c" step="159"><instruction opcode="SLLI" rd="a4  (x14) S" rs1="a5  (x15) S" imm="1 C" beh="create" ></instruction>
</step>
<step pc="10130" step="160"><load opcode="LW" rs1="s0/fp(x8) C" imm="4294967256 C" rd="a5  (x15) S" target="0x558bf41357f0" beh="overwrite" ></load>
</step>
<step pc="10134" step="161"><instruction opcode="SUB" rd="a5  (x15) S" rs1="a4  (x14) S" rs2="a5  (x15) S" beh="update" ></instruction>
</step>
<step pc="10138" step="162"><load opcode="LW" rs1="s0/fp(x8) C" imm="4294967260 C" rd="a4  (x14) C" target="0x558bf41358c0" beh="destroy" ></load>
</step>
<step pc="1013c" step="163"><instruction opcode="ADD" rd="a5  (x15) S" rs1="a4  (x14) C" rs2="a5  (x15) S" beh="update" ></instruction>
</step>
<step pc="10140" step="164"><store opcode="SW" rs1="s0/fp(x8) C" imm="4294967252 C" rs2="a5  (x15) C" target="0x558bf41357f0" beh="create" ></store>
</step>
<step pc="10144" step="165"><load opcode="LW" rs1="s0/fp(x8) C" imm="4294967276 C" rd="a4  (x14) C" target="0x558bf4135720" beh="none" ></load>
</step>
<step pc="10148" step="166"><instruction opcode="ADDI" rd="a5  (x15) C" rs1="zero (x0) C" imm="3 C" beh="destroy" ></instruction>
</step>
<step pc="1014c" step="167"><branch opcode="BNE" rs1="a4  (x14) C" rs2="a5  (x15) C" cond="1" target="10168" beh="none" ></branch>
</step>
<step pc="1016c" step="168"><load opcode="LW" rs1="s0/fp(x8) C" imm="4294967276 C" rd="a4  (x14) C" target="0x558bf4135720" beh="none" ></load>
</step>
<step pc="10170" step="169"><instruction opcode="ADDI" rd="a5  (x15) C" rs1="zero (x0) C" imm="10 C" beh="none" ></instruction>
</step>
<step pc="10174" step="170"><branch opcode="BGE" rs1="a5  (x15) C" rs2="a4  (x14) C" cond="1" target="1017c" beh="none" ></branch>
</step>
<step pc="10180" step="171"><load opcode="LW" rs1="s0/fp(x8) C" imm="4294967276 C" rd="a5  (x15) C" target="0x558bf4135720" beh="none" ></load>
</step>
<step pc="10184" step="172"><instruction opcode="ADDI" rd="a5  (x15) C" rs1="a5  (x15) C" imm="1 C" beh="none" ></instruction>
</step>
<step pc="10188" step="173"><store opcode="SW" rs1="s0/fp(x8) C" imm="4294967276 C" rs2="a5  (x15) C" target="0x558bf4135720" beh="none" ></store>
</step>
<step pc="1018c" step="174"><load opcode="LW" rs1="s0/fp(x8) C" imm="4294967276 C" rd="a4  (x14) C" target="0x558bf4134b80" beh="none" ></load>
</step>
<step pc="10190" step="175"><load opcode="LW" rs1="s0/fp(x8) C" imm="4294967260 C" rd="a5  (x15) C" target="0x558bf41357f0" beh="none" ></load>
</step>
<step pc="10194" step="176"><branch opcode="BLT" rs1="a4  (x14) C" rs2="a5  (x15) C" cond="1" target="10118" beh="none" ></branch>
</step>
<step pc="1011c" step="177"><load opcode="LW" rs1="s0/fp(x8) C" imm="4294967256 C" rd="a5  (x15) S" target="0x558bf4134b80" beh="create" ></load>
</step>
<step pc="10120" step="178"><instruction opcode="SLLI" rd="a5  (x15) S" rs1="a5  (x15) S" imm="1 C" beh="update" ></instruction>
</step>
<step pc="10124" step="179"><store opcode="SW" rs1="s0/fp(x8) C" imm="4294967256 C" rs2="a5  (x15) C" target="0x558bf41357f0" beh="create" ></store>
</step>
<step pc="10128" step="180"><load opcode="LW" rs1="s0/fp(x8) C" imm="4294967252 C" rd="a5  (x15) S" target="0x558bf4133120" beh="overwrite" ></load>
</step>
<step pc="1012c" step="181"><instruction opcode="SLLI" rd="a4  (x14) S" rs1="a5  (x15) S" imm="1 C" beh="create" ></instruction>
</step>
<step pc="10130" step="182"><load opcode="LW" rs1="s0/fp(x8) C" imm="4294967256 C" rd="a5  (x15) S" target="0x558bf4135720" beh="overwrite" ></load>
</step>
<step pc="10134" step="183"><instruction opcode="SUB" rd="a5  (x15) S" rs1="a4  (x14) S" rs2="a5  (x15) S" beh="update" ></instruction>
</step>
<step pc="10138" step="184"><load opcode="LW" rs1="s0/fp(x8) C" imm="4294967260 C" rd="a4  (x14) C" target="0x558bf41357f0" beh="destroy" ></load>
</step>
<step pc="1013c" step="185"><instruction opcode="ADD" rd="a5  (x15) S" rs1="a4  (x14) C" rs2="a5  (x15) S" beh="update" ></instruction>
</step>
<step pc="10140" step="186"><store opcode="SW" rs1="s0/fp(x8) C" imm="4294967252 C" rs2="a5  (x15) C" target="0x558bf4135720" beh="create" ></store>
</step>
<step pc="10144" step="187"><load opcode="LW" rs1="s0/fp(x8) C" imm="4294967276 C" rd="a4  (x14) C" target="0x558bf41fe720" beh="none" ></load>
</step>
<step pc="10148" step="188"><instruction opcode="ADDI" rd="a5  (x15) C" rs1="zero (x0) C" imm="3 C" beh="destroy" ></instruction>
</step>
<step pc="1014c" step="189"><branch opcode="BNE" rs1="a4  (x14) C" rs2="a5  (x15) C" cond="0" target="1014c" beh="none" ></branch>
</step>
<step pc="10150" step="190"><instruction opcode="ADDI" rd="a5  (x15) C" rs1="zero (x0) C" imm="3 C" beh="none" ></instruction>
</step>
<step pc="10154" step="191"><store opcode="SW" rs1="s0/fp(x8) C" imm="4294967260 C" rs2="a5  (x15) C" target="0x558bf4135720" beh="none" ></store>
</step>
<step pc="10158" step="192"><instruction opcode="ADDI" rd="a5  (x15) C" rs1="zero (x0) C" imm="3 C" beh="none" ></instruction>
</step>
<step pc="1015c" step="193"><store opcode="SW" rs1="s0/fp(x8) C" imm="4294967256 C" rs2="a5  (x15) C" target="0x558bf41348d0" beh="none" ></store>
</step>
<step pc="10160" step="194"><instruction opcode="ADDI" rd="a5  (x15) C" rs1="zero (x0) C" imm="3 C" beh="none" ></instruction>
</step>
<step pc="10164" step="195"><store opcode="SW" rs1="s0/fp(x8) C" imm="4294967252 C" rs2="a5  (x15) C" target="0x558bf4135720" beh="none" ></store>
</step>
<step pc="10168" step="196"><jump target="1017c" link="zero (x0)" link-address="10168" beh="none" ></jump>
</step>
<step pc="10180" step="197"><load opcode="LW" rs1="s0/fp(x8) C" imm="4294967276 C" rd="a5  (x15) C" target="0x558bf41352c0" beh="none" ></load>
</step>
<step pc="10184" step="198"><instruction opcode="ADDI" rd="a5  (x15) C" rs1="a5  (x15) C" imm="1 C" beh="none" ></instruction>
</step>
<step pc="10188" step="199"><store opcode="SW" rs1="s0/fp(x8) C" imm="4294967276 C" rs2="a5  (x15) C" target="0x558bf41352c0" beh="none" ></store>
</step>
<step pc="1018c" step="200"><load opcode="LW" rs1="s0/fp(x8) C" imm="4294967276 C" rd="a4  (x14) C" target="0x558bf4134700" beh="none" ></load>
</step>
<step pc="10190" step="201"><load opcode="LW" rs1="s0/fp(x8) C" imm="4294967260 C" rd="a5  (x15) C" target="0x558bf4134940" beh="none" ></load>
</step>
<step pc="10194" step="202"><branch opcode="BLT" rs1="a4  (x14) C" rs2="a5  (x15) C" cond="0" target="10194" beh="none" ></branch>
</step>
<step pc="10198" step="203"><instruction opcode="ADDI" rd="a0  (x10) C" rs1="a5  (x15) C" imm="0 C" beh="none" ></instruction>
</step>
<step pc="1019c" step="204"><load opcode="LW" rs1="sp   (x2) C" imm="44 C" rd="s0/fp(x8) C" target="0x558bf4134940" beh="none" ></load>
</step>
<step pc="101a0" step="205"><instruction opcode="ADDI" rd="sp   (x2) C" rs1="sp   (x2) C" imm="48 C" beh="none" ></instruction>
</step>
<step pc="101a4" step="206"><jump target="1023c" link="zero (x0)" link-address=" 101a4" beh="none" ></jump>
</step>
<step pc="10240" step="207"><store opcode="SW" rs1="s0/fp(x8) C" imm="4294967256 C" rs2="a0  (x10) C" target="0x558bf4134940" beh="none" ></store>
</step>
<step pc="10244" step="208"><load opcode="LW" rs1="s0/fp(x8) C" imm="4294967256 C" rd="a4  (x14) C" target="0x558bf4133480" beh="none" ></load>
</step>
<step pc="10248" step="209"><instruction opcode="LUI" rd="a5  (x15) C" imm="4096 C" beh="none" ></instruction></step>
<step pc="1024c" step="210"><branch opcode="BGE" rs1="a4  (x14) C" rs2="a5  (x15) C" cond="0" target="1024c" beh="none" ></branch>
</step>
<step pc="10250" step="211"><instruction opcode="LUI" rd="a5  (x15) C" imm="77824 C" beh="none" ></instruction></step>
<step pc="10254" step="212"><instruction opcode="ADDI" rd="a4  (x14) C" rs1="a5  (x15) C" imm="0 C" beh="none" ></instruction>
</step>
<step pc="10258" step="213"><load opcode="LW" rs1="s0/fp(x8) C" imm="4294967256 C" rd="a5  (x15) C" target="0x558bf4133480" beh="none" ></load>
</step>
<step pc="1025c" step="214"><instruction opcode="ADD" rd="a5  (x15) C" rs1="a4  (x14) C" rs2="a5  (x15) C" beh="none" ></instruction>
</step>
<step pc="10260" step="215"><load opcode="LBU" rs1="a5  (x15) C" imm="0 C" rd="a5  (x15) C" target="0x558bf41351e0" beh="none" ></load>
</step>
<step pc="10264" step="216"><jump target="10268" link="zero (x0)" link-address="10264" beh="none" ></jump>
</step>
<step pc="1026c" step="217"><instruction opcode="ADDI" rd="a0  (x10) C" rs1="a5  (x15) C" imm="0 C" beh="none" ></instruction>
</step>
<step pc="10270" step="218"><load opcode="LW" rs1="sp   (x2) C" imm="44 C" rd="ra   (x1) C" target="0x558bf41351e0" beh="none" ></load>
</step>
<step pc="10274" step="219"><load opcode="LW" rs1="sp   (x2) C" imm="40 C" rd="s0/fp(x8) C" target="0x558bf4134940" beh="none" ></load>
</step>
<step pc="10278" step="220"><instruction opcode="ADDI" rd="sp   (x2) C" rs1="sp   (x2) C" imm="48 C" beh="none" ></instruction>
</step>
<step pc="1027c" step="221"><jump target="102d4" link="zero (x0)" link-address=" 1027c" beh="none" ></jump>
</step>
<step pc="102d8" step="222"><instruction opcode="ADDI" rd="a5  (x15) C" rs1="zero (x0) C" imm="0 C" beh="none" ></instruction>
</step>
<step pc="102dc" step="223"><instruction opcode="ADDI" rd="a0  (x10) C" rs1="a5  (x15) C" imm="0 C" beh="none" ></instruction>
</step>
<step pc="102e0" step="224"><load opcode="LW" rs1="sp   (x2) C" imm="12 C" rd="ra   (x1) C" target="0x558bf41353a0" beh="none" ></load>
</step>
<step pc="102e4" step="225"><load opcode="LW" rs1="sp   (x2) C" imm="8 C" rd="s0/fp(x8) C" target="0x558bf41348d0" beh="none" ></load>
</step>
<step pc="102e8" step="226"><instruction opcode="ADDI" rd="sp   (x2) C" rs1="sp   (x2) C" imm="16 C" beh="none" ></instruction>
</step>
<step pc="102ec" step="227"><jump target="102f0" link="zero (x0)" link-address=" 102ec" beh="none" ></jump>
</step>
<step pc="102f4" step="228"><instruction opcode="ADDI" rd="a7  (x17) C" rs1="zero (x0) C" imm="93 C" beh="none" ></instruction>
</step>
<step pc="102f8" step="229"><instruction opcode="ADDI" rd="a0  (x10) C" rs1="zero (x0) C" imm="0 C" beh="none" ></instruction>
</step>
<step pc="102fc" step="230"><ECALL></ECALL>
</step>
</run>


Info: /OSCI/SystemC: Simulation stopped by user.
<registers>
=[ core : 0 ]===========================
simulation time: 9 us
zero (x0) = (none, 0)
ra   (x1) = (none, 102f0)
sp   (x2) = (none, 1ffffffc)
gp   (x3) = (none, 0)
tp   (x4) = (none, 0)
t0   (x5) = (none, 0)
t1   (x6) = (none, 0)
t2   (x7) = (none, 0)
s0/fp(x8) = (none, 0)
s1   (x9) = (none, 0)
a0  (x10) = (none, 0)
a1  (x11) = (2147483648, 80000000)
a2  (x12) = (none, 0)
a3  (x13) = (none, 0)
a4  (x14) = (none, 13000)
a5  (x15) = (none, 0)
a6  (x16) = (none, 0)
a7  (x17) = (none, 5d)
s2  (x18) = (none, 0)
s3  (x19) = (none, 0)
s4  (x20) = (none, 0)
s5  (x21) = (none, 0)
s6  (x22) = (none, 0)
s7  (x23) = (none, 0)
s8  (x24) = (none, 0)
s9  (x25) = (none, 0)
s10 (x26) = (none, 0)
s11 (x27) = (none, 0)
t3  (x28) = (none, 0)
t4  (x29) = (none, 0)
t5  (x30) = (none, 0)
t6  (x31) = (none, 0)
pc = 102fc
num-instr = 231
</registers>
<timeline branch_pc= "0" parent_run= "0" ></timeline>
</symex>
explored all paths
<result>

---
Unique paths found: 4
</result>
<test-results>
[PATHS REACHED] (0/0)
MISSED: 
FOUND: 
</test-results>
<timelines>
<run id="0" >
<branch>65992</branch>
<branch>66036</branch>
</run>
<run id="1" >
<branch>66000</branch>
<branch>66036</branch>
</run>
<run id="2" >
<branch>65992</branch>
<branch>66064</branch>
</run>
<run id="3" >
<branch>66000</branch>
<branch>66064</branch>
</run>
</timelines>
</trace>
